TN:
SF:packages/build/build.ts
FN:28,getBuilderConfig
FN:63,getBuildContext
FN:101,getBuilder
FN:131,Builder
FN:136,buildMany
FN:150,CachingBuilder
FN:156,prebuild
FN:168,artifactName
FN:170,sanitize
FN:172,codeHashForPath
FN:174,codeHashForBlob
FN:183,distinct
FN:189,DockerBuilder
FN:217,build
FN:224,buildMany
FN:291,runBuildContainer
FN:436,build
FN:443,buildMany
FN:520,buildFromCargoToml
FN:542,buildFromBuildScript
FN:585,listBuildSets
FN:609,Source
FN:613,build
FN:616,at
FN:624,Workspace
FN:631,at
FN:636,crate
FN:644,crates
FN:654,DotGit
FN:691,get rootRepo
FN:694,get submoduleDir
FN:716,printUsage
FN:725,buildFromDirectory
FN:735,buildFromFile
FN:749,CargoToml
FN:752,BuildScript
FN:755,BuildOne
FN:763,BuildMany
FNF:38
FNH:8
FNDA:0,getBuilderConfig
FNDA:0,getBuildContext
FNDA:2,getBuilder
FNDA:5,Builder
FNDA:2,buildMany
FNDA:3,CachingBuilder
FNDA:2,prebuild
FNDA:2,artifactName
FNDA:2,sanitize
FNDA:0,codeHashForPath
FNDA:0,codeHashForBlob
FNDA:0,distinct
FNDA:1,DockerBuilder
FNDA:0,build
FNDA:0,buildMany
FNDA:0,runBuildContainer
FNDA:0,build
FNDA:0,buildMany
FNDA:0,buildFromCargoToml
FNDA:0,buildFromBuildScript
FNDA:0,listBuildSets
FNDA:0,Source
FNDA:0,build
FNDA:0,at
FNDA:0,Workspace
FNDA:0,at
FNDA:0,crate
FNDA:0,crates
FNDA:0,DotGit
FNDA:0,get rootRepo
FNDA:0,get submoduleDir
FNDA:0,printUsage
FNDA:0,buildFromDirectory
FNDA:0,buildFromFile
FNDA:0,CargoToml
FNDA:0,BuildScript
FNDA:0,BuildOne
FNDA:0,BuildMany
DA:1,1
DA:2,1
DA:3,1
DA:4,1
DA:5,1
DA:6,1
DA:7,1
DA:8,1
DA:9,1
DA:10,1
DA:11,1
DA:12,1
DA:13,1
DA:14,1
DA:15,1
DA:16,1
DA:17,1
DA:18,1
DA:19,1
DA:20,1
DA:21,1
DA:22,1
DA:23,1
DA:24,1
DA:25,1
DA:26,1
DA:27,1
DA:28,1
DA:29,0
DA:30,0
DA:31,0
DA:32,0
DA:33,0
DA:34,0
DA:35,0
DA:36,0
DA:37,0
DA:38,0
DA:39,0
DA:40,0
DA:41,1
DA:42,1
DA:43,1
DA:44,1
DA:45,1
DA:46,1
DA:47,1
DA:48,1
DA:49,1
DA:50,1
DA:51,1
DA:52,1
DA:53,1
DA:54,1
DA:55,1
DA:56,1
DA:57,1
DA:58,1
DA:59,1
DA:60,1
DA:61,1
DA:62,1
DA:63,1
DA:64,0
DA:65,0
DA:66,0
DA:67,0
DA:68,0
DA:69,0
DA:70,0
DA:71,0
DA:72,0
DA:73,0
DA:74,0
DA:75,0
DA:76,0
DA:77,0
DA:78,0
DA:79,0
DA:80,0
DA:81,0
DA:82,0
DA:83,0
DA:84,0
DA:85,1
DA:86,1
DA:87,1
DA:88,1
DA:89,1
DA:90,1
DA:91,1
DA:92,1
DA:93,1
DA:94,1
DA:95,1
DA:96,1
DA:97,1
DA:98,1
DA:99,1
DA:100,1
DA:101,1
DA:102,2
DA:103,1
DA:104,1
DA:105,1
DA:106,1
DA:107,2
DA:108,1
DA:109,1
DA:110,1
DA:111,1
DA:112,1
DA:113,1
DA:114,1
DA:115,1
DA:116,1
DA:117,1
DA:118,1
DA:119,1
DA:120,1
DA:121,1
DA:122,1
DA:123,1
DA:124,1
DA:125,1
DA:126,1
DA:127,1
DA:128,1
DA:129,1
DA:130,1
DA:131,1
DA:132,5
DA:133,5
DA:134,5
DA:135,5
DA:136,1
DA:137,2
DA:138,2
DA:139,1
DA:140,1
DA:141,1
DA:142,1
DA:143,1
DA:144,1
DA:145,1
DA:146,1
DA:147,1
DA:148,1
DA:149,1
DA:150,1
DA:151,3
DA:152,3
DA:153,3
DA:154,1
DA:155,1
DA:156,1
DA:157,2
DA:158,0
DA:159,0
DA:160,2
DA:161,2
DA:162,0
DA:163,0
DA:164,1
DA:165,1
DA:166,1
DA:167,1
DA:168,1
DA:169,1
DA:170,1
DA:171,1
DA:172,1
DA:173,1
DA:174,1
DA:175,1
DA:176,1
DA:177,1
DA:178,1
DA:179,1
DA:180,1
DA:181,1
DA:182,1
DA:183,1
DA:184,1
DA:185,1
DA:186,1
DA:187,1
DA:188,1
DA:189,1
DA:190,1
DA:191,1
DA:192,1
DA:193,0
DA:194,1
DA:195,0
DA:196,0
DA:197,1
DA:198,0
DA:199,1
DA:200,0
DA:201,1
DA:202,1
DA:203,1
DA:204,1
DA:205,1
DA:206,1
DA:207,1
DA:208,1
DA:209,1
DA:210,1
DA:211,1
DA:212,1
DA:213,1
DA:214,1
DA:215,1
DA:216,1
DA:217,1
DA:218,0
DA:219,0
DA:220,1
DA:221,1
DA:222,1
DA:223,1
DA:224,1
DA:225,0
DA:226,0
DA:227,0
DA:228,0
DA:229,0
DA:230,0
DA:231,0
DA:232,0
DA:233,0
DA:234,0
DA:235,0
DA:236,0
DA:237,0
DA:238,0
DA:239,0
DA:240,0
DA:241,0
DA:242,0
DA:243,0
DA:244,0
DA:245,0
DA:246,0
DA:247,0
DA:248,0
DA:249,0
DA:250,0
DA:251,0
DA:252,0
DA:253,0
DA:254,0
DA:255,0
DA:256,0
DA:257,0
DA:258,0
DA:259,0
DA:260,0
DA:261,0
DA:262,0
DA:263,0
DA:264,0
DA:265,0
DA:266,0
DA:267,0
DA:268,0
DA:269,0
DA:270,0
DA:271,0
DA:272,0
DA:273,0
DA:274,0
DA:275,0
DA:276,0
DA:277,0
DA:278,0
DA:279,0
DA:280,0
DA:281,0
DA:282,0
DA:283,0
DA:284,0
DA:285,0
DA:286,0
DA:287,0
DA:288,0
DA:289,0
DA:290,0
DA:291,1
DA:292,0
DA:293,0
DA:294,0
DA:295,0
DA:296,0
DA:297,0
DA:298,0
DA:299,0
DA:300,0
DA:301,0
DA:302,0
DA:303,0
DA:304,0
DA:305,0
DA:306,0
DA:307,0
DA:308,0
DA:309,0
DA:310,0
DA:311,0
DA:312,0
DA:313,0
DA:314,0
DA:315,0
DA:316,0
DA:317,0
DA:318,0
DA:319,0
DA:320,0
DA:321,0
DA:322,0
DA:323,0
DA:324,0
DA:325,0
DA:326,0
DA:327,0
DA:328,0
DA:329,0
DA:330,0
DA:331,0
DA:332,0
DA:333,0
DA:334,0
DA:335,0
DA:336,0
DA:337,0
DA:338,0
DA:339,0
DA:340,0
DA:341,0
DA:342,0
DA:343,0
DA:344,0
DA:345,0
DA:346,0
DA:347,0
DA:348,0
DA:349,0
DA:350,0
DA:351,0
DA:352,0
DA:353,0
DA:354,0
DA:355,0
DA:356,0
DA:357,0
DA:358,0
DA:359,0
DA:360,0
DA:361,0
DA:362,0
DA:363,0
DA:364,0
DA:365,0
DA:366,0
DA:367,0
DA:368,0
DA:369,0
DA:370,0
DA:371,0
DA:372,0
DA:373,0
DA:374,0
DA:375,0
DA:376,0
DA:377,0
DA:378,0
DA:379,0
DA:380,0
DA:381,0
DA:382,0
DA:383,0
DA:384,0
DA:385,0
DA:386,0
DA:387,0
DA:388,0
DA:389,0
DA:390,0
DA:391,0
DA:392,0
DA:393,0
DA:394,0
DA:395,0
DA:396,0
DA:397,0
DA:398,0
DA:399,0
DA:400,0
DA:401,0
DA:402,0
DA:403,0
DA:404,0
DA:405,0
DA:406,0
DA:407,0
DA:408,0
DA:409,0
DA:410,0
DA:411,0
DA:412,0
DA:413,0
DA:414,0
DA:415,0
DA:416,0
DA:417,0
DA:418,0
DA:419,0
DA:420,0
DA:421,0
DA:422,0
DA:423,0
DA:424,0
DA:425,0
DA:426,0
DA:427,0
DA:428,0
DA:429,0
DA:430,1
DA:431,1
DA:432,1
DA:433,1
DA:434,1
DA:435,1
DA:436,1
DA:437,0
DA:438,0
DA:439,1
DA:440,1
DA:441,1
DA:442,1
DA:443,1
DA:444,0
DA:445,0
DA:446,0
DA:447,0
DA:448,0
DA:449,0
DA:450,0
DA:451,0
DA:452,0
DA:453,0
DA:454,0
DA:455,0
DA:456,0
DA:457,0
DA:458,0
DA:459,0
DA:460,0
DA:461,0
DA:462,0
DA:463,0
DA:464,0
DA:465,0
DA:466,0
DA:467,0
DA:468,0
DA:469,0
DA:470,0
DA:471,0
DA:472,0
DA:473,0
DA:474,0
DA:475,0
DA:476,0
DA:477,0
DA:478,0
DA:479,0
DA:480,0
DA:481,0
DA:482,0
DA:483,0
DA:484,0
DA:485,0
DA:486,0
DA:487,0
DA:488,0
DA:489,0
DA:490,0
DA:491,0
DA:492,0
DA:493,0
DA:494,0
DA:495,0
DA:496,0
DA:497,0
DA:498,0
DA:499,0
DA:500,0
DA:501,0
DA:502,0
DA:503,0
DA:504,0
DA:505,0
DA:506,0
DA:507,0
DA:508,0
DA:509,0
DA:510,0
DA:511,0
DA:512,0
DA:513,0
DA:514,0
DA:515,0
DA:516,1
DA:517,1
DA:518,1
DA:519,1
DA:520,1
DA:521,0
DA:522,0
DA:523,0
DA:524,0
DA:525,0
DA:526,0
DA:527,0
DA:528,0
DA:529,0
DA:530,0
DA:531,0
DA:532,0
DA:533,0
DA:534,0
DA:535,0
DA:536,0
DA:537,0
DA:538,0
DA:539,0
DA:540,0
DA:541,1
DA:542,1
DA:543,0
DA:544,0
DA:545,0
DA:546,0
DA:547,0
DA:548,0
DA:549,0
DA:550,0
DA:551,0
DA:552,0
DA:553,0
DA:554,0
DA:555,0
DA:556,0
DA:557,0
DA:558,0
DA:559,0
DA:560,0
DA:561,0
DA:562,0
DA:563,0
DA:564,0
DA:565,0
DA:566,0
DA:567,0
DA:568,0
DA:569,0
DA:570,0
DA:571,0
DA:572,0
DA:573,0
DA:574,0
DA:575,0
DA:576,0
DA:577,0
DA:578,0
DA:579,0
DA:580,0
DA:581,0
DA:582,0
DA:583,0
DA:584,1
DA:585,1
DA:586,0
DA:587,0
DA:588,0
DA:589,0
DA:590,0
DA:591,0
DA:592,0
DA:593,0
DA:594,0
DA:595,1
DA:596,1
DA:597,1
DA:598,1
DA:599,1
DA:600,1
DA:601,1
DA:602,1
DA:603,1
DA:604,1
DA:605,1
DA:606,1
DA:607,1
DA:608,1
DA:609,1
DA:610,0
DA:611,0
DA:612,0
DA:613,1
DA:614,0
DA:615,0
DA:616,1
DA:617,0
DA:618,0
DA:619,0
DA:620,1
DA:621,1
DA:622,1
DA:623,1
DA:624,1
DA:625,0
DA:626,0
DA:627,0
DA:628,0
DA:629,1
DA:630,1
DA:631,1
DA:632,0
DA:633,0
DA:634,0
DA:635,1
DA:636,1
DA:637,0
DA:638,0
DA:639,0
DA:640,0
DA:641,0
DA:642,0
DA:643,1
DA:644,1
DA:645,0
DA:646,0
DA:647,1
DA:648,1
DA:649,1
DA:650,1
DA:651,1
DA:652,1
DA:653,1
DA:654,1
DA:655,0
DA:656,0
DA:657,0
DA:658,0
DA:659,0
DA:660,0
DA:661,0
DA:662,0
DA:663,0
DA:664,0
DA:665,0
DA:666,0
DA:667,0
DA:668,0
DA:669,0
DA:670,0
DA:671,0
DA:672,0
DA:673,0
DA:674,0
DA:675,0
DA:676,0
DA:677,0
DA:678,0
DA:679,0
DA:680,0
DA:681,0
DA:682,0
DA:683,0
DA:684,0
DA:685,0
DA:686,0
DA:687,0
DA:688,0
DA:689,1
DA:690,1
DA:691,1
DA:692,0
DA:693,0
DA:694,1
DA:695,0
DA:696,0
DA:697,1
DA:698,1
DA:699,1
DA:700,1
DA:701,1
DA:702,1
DA:703,1
DA:704,0
DA:705,0
DA:706,0
DA:707,0
DA:708,0
DA:709,0
DA:710,0
DA:711,0
DA:712,0
DA:713,0
DA:714,0
DA:715,1
DA:716,1
DA:717,0
DA:718,0
DA:719,0
DA:720,0
DA:721,0
DA:722,0
DA:723,0
DA:724,1
DA:725,1
DA:726,0
DA:727,0
DA:728,0
DA:729,0
DA:730,0
DA:731,0
DA:732,0
DA:733,0
DA:734,1
DA:735,1
DA:736,0
DA:737,0
DA:738,0
DA:739,0
DA:740,0
DA:741,0
DA:742,0
DA:743,0
DA:744,0
DA:745,0
DA:746,0
DA:747,1
DA:748,1
DA:749,1
DA:750,0
DA:751,1
DA:752,1
DA:753,0
DA:754,1
DA:755,1
DA:756,0
DA:757,0
DA:758,0
DA:759,0
DA:760,0
DA:761,0
DA:762,1
DA:763,1
DA:764,0
DA:765,0
DA:766,0
DA:767,0
DA:768,0
DA:769,1
LF:769
LH:266
BRDA:703,0,0,0
BRDA:101,1,0,2
BRDA:102,2,0,1
BRDA:131,3,0,5
BRDA:136,4,0,2
BRDA:137,5,0,5
BRDA:150,6,0,3
BRDA:152,7,0,1
BRDA:156,8,0,2
BRDA:157,9,0,0
BRDA:161,10,0,0
BRDA:164,11,0,1
BRDA:168,12,0,2
BRDA:170,13,0,2
BRDA:189,14,0,1
BRDA:192,15,0,0
BRDA:194,16,0,0
BRDA:197,17,0,0
BRDA:199,18,0,0
BRF:19
BRH:12
end_of_record
TN:
SF:packages/client/client.ts
FN:17,Artifact
FN:26,upload
FN:34,Template
FN:69,ContractLink
FN:65,ContractLink.fromInstance
FN:134,Coin
FN:151,Fee
FN:189,Chain
FN:222,get isMainnet
FN:224,get isTestnet
FN:226,get isDevnet
FN:228,get isMocknet
FN:230,get chain
FN:242,get nextBlock
FN:261,getAgent
FN:307,Agent
FN:303,create
FN:320,get defaultDenom
FN:322,getBalance
FN:330,get balance
FN:332,get height
FN:334,get nextBlock
FN:335,getCodeId
FN:336,getLabel
FN:337,getHash
FN:338,getClient
FN:344,query
FN:350,uploadMany
FN:354,instantiateMany
FN:364,bundle
FN:389,Bundle
FN:393,bundle
FN:398,get chain
FN:399,get address
FN:400,get name
FN:401,get fees
FN:402,get defaultDenom
FN:404,getCodeId
FN:405,getLabel
FN:406,getHash
FN:407,get balance
FN:411,getBalance
FN:415,get height
FN:418,get nextBlock
FN:421,send
FN:424,sendMany
FN:427,instantiate
FN:443,instantiateMany
FN:449,execute
FN:465,query
FN:472,upload
FN:479,uploadMany
FN:482,getClient
FN:490,add
FN:497,wrap
FN:502,run
FN:513,assertCanSubmit
FN:541,Client
FN:557,get chain
FN:571,getFee
FN:585,query
FN:589,execute
FN:596,populate
FN:610,withFee
FN:619,as
FNF:65
FNH:19
FNDA:0,Artifact
FNDA:0,upload
FNDA:4,Template
FNDA:0,ContractLink
FNDA:0,ContractLink.fromInstance
FNDA:0,Coin
FNDA:4,Fee
FNDA:11,Chain
FNDA:4,get isMainnet
FNDA:2,get isTestnet
FNDA:2,get isDevnet
FNDA:1,get isMocknet
FNDA:0,get chain
FNDA:0,get nextBlock
FNDA:2,getAgent
FNDA:13,Agent
FNDA:2,create
FNDA:0,get defaultDenom
FNDA:0,getBalance
FNDA:1,get balance
FNDA:0,get height
FNDA:0,get nextBlock
FNDA:0,getCodeId
FNDA:0,getLabel
FNDA:0,getHash
FNDA:3,getClient
FNDA:0,query
FNDA:0,uploadMany
FNDA:2,instantiateMany
FNDA:1,bundle
FNDA:1,Bundle
FNDA:0,bundle
FNDA:0,get chain
FNDA:0,get address
FNDA:0,get name
FNDA:0,get fees
FNDA:0,get defaultDenom
FNDA:0,getCodeId
FNDA:0,getLabel
FNDA:0,getHash
FNDA:0,get balance
FNDA:0,getBalance
FNDA:0,get height
FNDA:0,get nextBlock
FNDA:0,send
FNDA:0,sendMany
FNDA:0,instantiate
FNDA:0,instantiateMany
FNDA:0,execute
FNDA:0,query
FNDA:0,upload
FNDA:0,uploadMany
FNDA:0,getClient
FNDA:0,add
FNDA:0,wrap
FNDA:0,run
FNDA:0,assertCanSubmit
FNDA:3,Client
FNDA:0,get chain
FNDA:3,getFee
FNDA:4,query
FNDA:3,execute
FNDA:0,populate
FNDA:0,withFee
FNDA:0,as
DA:1,1
DA:2,1
DA:3,1
DA:4,1
DA:5,1
DA:6,1
DA:7,1
DA:8,1
DA:9,1
DA:10,1
DA:11,1
DA:12,1
DA:13,1
DA:14,1
DA:15,1
DA:16,1
DA:17,1
DA:18,0
DA:19,0
DA:20,0
DA:21,0
DA:22,0
DA:23,0
DA:24,0
DA:25,1
DA:26,1
DA:27,0
DA:28,0
DA:29,1
DA:30,1
DA:31,1
DA:32,1
DA:33,1
DA:34,1
DA:35,4
DA:36,4
DA:37,4
DA:38,4
DA:39,4
DA:40,4
DA:41,4
DA:42,0
DA:43,0
DA:44,0
DA:45,0
DA:46,0
DA:47,4
DA:48,4
DA:49,1
DA:50,1
DA:51,1
DA:52,1
DA:53,1
DA:54,1
DA:55,1
DA:56,1
DA:57,1
DA:58,1
DA:59,1
DA:60,1
DA:61,1
DA:62,1
DA:63,1
DA:64,1
DA:65,1
DA:66,0
DA:67,0
DA:68,1
DA:69,1
DA:70,0
DA:71,0
DA:72,0
DA:73,1
DA:74,1
DA:75,1
DA:76,1
DA:77,1
DA:78,1
DA:79,1
DA:80,1
DA:81,1
DA:82,1
DA:83,1
DA:84,1
DA:85,1
DA:86,1
DA:87,1
DA:88,1
DA:89,1
DA:90,1
DA:91,1
DA:92,1
DA:93,1
DA:94,1
DA:95,1
DA:96,1
DA:97,1
DA:98,1
DA:99,1
DA:100,1
DA:101,1
DA:102,1
DA:103,1
DA:104,1
DA:105,1
DA:106,1
DA:107,1
DA:108,1
DA:109,1
DA:110,1
DA:111,1
DA:112,1
DA:113,1
DA:114,1
DA:115,1
DA:116,1
DA:117,1
DA:118,1
DA:119,1
DA:120,1
DA:121,1
DA:122,1
DA:123,1
DA:124,1
DA:125,1
DA:126,1
DA:127,1
DA:128,1
DA:129,1
DA:130,1
DA:131,1
DA:132,1
DA:133,1
DA:134,1
DA:135,0
DA:136,0
DA:137,0
DA:138,0
DA:139,0
DA:140,1
DA:141,1
DA:142,1
DA:143,1
DA:144,1
DA:145,1
DA:146,1
DA:147,1
DA:148,1
DA:149,1
DA:150,1
DA:151,1
DA:152,4
DA:153,4
DA:154,4
DA:155,4
DA:156,4
DA:157,4
DA:158,1
DA:159,1
DA:160,1
DA:161,1
DA:162,1
DA:163,1
DA:164,1
DA:165,1
DA:166,1
DA:167,1
DA:168,1
DA:169,1
DA:170,1
DA:171,1
DA:172,1
DA:173,1
DA:174,1
DA:175,1
DA:176,1
DA:177,1
DA:178,1
DA:179,1
DA:180,1
DA:181,1
DA:182,1
DA:183,1
DA:184,1
DA:185,1
DA:186,1
DA:187,1
DA:188,1
DA:189,1
DA:190,11
DA:191,11
DA:192,11
DA:193,11
DA:194,0
DA:195,0
DA:196,11
DA:197,11
DA:198,11
DA:199,1
DA:200,1
DA:201,11
DA:202,1
DA:203,1
DA:204,1
DA:205,1
DA:206,1
DA:207,1
DA:208,1
DA:209,1
DA:210,1
DA:211,1
DA:212,1
DA:213,0
DA:214,0
DA:215,1
DA:216,11
DA:217,1
DA:218,1
DA:219,1
DA:220,1
DA:221,1
DA:222,1
DA:223,1
DA:224,1
DA:225,1
DA:226,1
DA:227,1
DA:228,1
DA:229,1
DA:230,1
DA:231,1
DA:232,1
DA:233,1
DA:234,1
DA:235,1
DA:236,1
DA:237,1
DA:238,1
DA:239,1
DA:240,1
DA:241,1
DA:242,1
DA:243,0
DA:244,0
DA:245,0
DA:246,0
DA:247,0
DA:248,0
DA:249,0
DA:250,0
DA:251,0
DA:252,0
DA:253,0
DA:254,0
DA:255,0
DA:256,0
DA:257,0
DA:258,0
DA:259,0
DA:260,1
DA:261,1
DA:262,2
DA:263,2
DA:264,2
DA:265,2
DA:266,1
DA:267,1
DA:268,1
DA:269,0
DA:270,0
DA:271,1
DA:272,2
DA:273,2
DA:274,2
DA:275,1
DA:276,1
DA:277,1
DA:278,1
DA:279,1
DA:280,1
DA:281,1
DA:282,1
DA:283,1
DA:284,1
DA:285,1
DA:286,1
DA:287,1
DA:288,1
DA:289,1
DA:290,1
DA:291,1
DA:292,1
DA:293,1
DA:294,1
DA:295,1
DA:296,1
DA:297,1
DA:298,1
DA:299,1
DA:300,1
DA:301,1
DA:302,1
DA:303,1
DA:304,2
DA:305,2
DA:306,2
DA:307,1
DA:308,13
DA:309,13
DA:310,13
DA:311,13
DA:312,13
DA:313,1
DA:314,1
DA:315,1
DA:316,1
DA:317,1
DA:318,1
DA:319,1
DA:320,1
DA:321,1
DA:322,1
DA:323,0
DA:324,0
DA:325,0
DA:326,0
DA:327,0
DA:328,0
DA:329,1
DA:330,1
DA:331,1
DA:332,1
DA:333,1
DA:334,1
DA:335,1
DA:336,1
DA:337,1
DA:338,1
DA:339,3
DA:340,3
DA:341,3
DA:342,3
DA:343,3
DA:344,1
DA:345,0
DA:346,0
DA:347,1
DA:348,1
DA:349,1
DA:350,1
DA:351,0
DA:352,0
DA:353,1
DA:354,1
DA:355,2
DA:356,2
DA:357,0
DA:358,0
DA:359,2
DA:360,2
DA:361,1
DA:362,1
DA:363,1
DA:364,1
DA:365,1
DA:366,1
DA:367,1
DA:368,1
DA:369,1
DA:370,1
DA:371,1
DA:372,1
DA:373,1
DA:374,1
DA:375,1
DA:376,1
DA:377,1
DA:378,1
DA:379,1
DA:380,1
DA:381,1
DA:382,1
DA:383,1
DA:384,1
DA:385,1
DA:386,1
DA:387,1
DA:388,1
DA:389,1
DA:390,1
DA:391,1
DA:392,1
DA:393,1
DA:394,0
DA:395,0
DA:396,0
DA:397,1
DA:398,1
DA:399,1
DA:400,1
DA:401,1
DA:402,1
DA:403,1
DA:404,1
DA:405,1
DA:406,1
DA:407,1
DA:408,0
DA:409,0
DA:410,0
DA:411,1
DA:412,0
DA:413,0
DA:414,0
DA:415,1
DA:416,0
DA:417,0
DA:418,1
DA:419,0
DA:420,0
DA:421,1
DA:422,0
DA:423,0
DA:424,1
DA:425,0
DA:426,0
DA:427,1
DA:428,0
DA:429,0
DA:430,0
DA:431,0
DA:432,0
DA:433,0
DA:434,0
DA:435,0
DA:436,0
DA:437,0
DA:438,0
DA:439,0
DA:440,0
DA:441,0
DA:442,0
DA:443,1
DA:444,0
DA:445,0
DA:446,0
DA:447,0
DA:448,1
DA:449,1
DA:450,0
DA:451,0
DA:452,0
DA:453,0
DA:454,0
DA:455,0
DA:456,0
DA:457,0
DA:458,0
DA:459,0
DA:460,0
DA:461,1
DA:462,1
DA:463,1
DA:464,1
DA:465,1
DA:466,0
DA:467,0
DA:468,1
DA:469,1
DA:470,1
DA:471,1
DA:472,1
DA:473,0
DA:474,0
DA:475,1
DA:476,1
DA:477,1
DA:478,1
DA:479,1
DA:480,0
DA:481,0
DA:482,1
DA:483,0
DA:484,0
DA:485,0
DA:486,0
DA:487,1
DA:488,1
DA:489,1
DA:490,1
DA:491,0
DA:492,0
DA:493,0
DA:494,0
DA:495,1
DA:496,1
DA:497,1
DA:498,0
DA:499,0
DA:500,0
DA:501,1
DA:502,1
DA:503,0
DA:504,0
DA:505,0
DA:506,0
DA:507,0
DA:508,0
DA:509,0
DA:510,0
DA:511,0
DA:512,1
DA:513,1
DA:514,0
DA:515,0
DA:516,0
DA:517,0
DA:518,1
DA:519,1
DA:520,1
DA:521,1
DA:522,1
DA:523,1
DA:524,1
DA:525,1
DA:526,1
DA:527,1
DA:528,1
DA:529,1
DA:530,1
DA:531,1
DA:532,1
DA:533,1
DA:534,1
DA:535,1
DA:536,1
DA:537,1
DA:538,1
DA:539,1
DA:540,1
DA:541,1
DA:542,3
DA:543,0
DA:544,3
DA:545,3
DA:546,3
DA:547,3
DA:548,3
DA:549,3
DA:550,3
DA:551,3
DA:552,3
DA:553,3
DA:554,1
DA:555,1
DA:556,1
DA:557,1
DA:558,1
DA:559,1
DA:560,1
DA:561,1
DA:562,1
DA:563,1
DA:564,1
DA:565,1
DA:566,1
DA:567,1
DA:568,1
DA:569,1
DA:570,1
DA:571,1
DA:572,3
DA:573,3
DA:574,2
DA:575,3
DA:576,1
DA:577,1
DA:578,0
DA:579,0
DA:580,1
DA:581,1
DA:582,0
DA:583,3
DA:584,1
DA:585,1
DA:586,4
DA:587,4
DA:588,1
DA:589,1
DA:590,3
DA:591,3
DA:592,3
DA:593,1
DA:594,1
DA:595,1
DA:596,1
DA:597,0
DA:598,0
DA:599,0
DA:600,0
DA:601,0
DA:602,0
DA:603,0
DA:604,0
DA:605,0
DA:606,0
DA:607,0
DA:608,1
DA:609,1
DA:610,1
DA:611,0
DA:612,0
DA:613,0
DA:614,0
DA:615,0
DA:616,0
DA:617,0
DA:618,1
DA:619,1
DA:620,0
DA:621,0
DA:622,0
DA:623,1
LF:623
LH:462
BRDA:34,0,0,4
BRDA:41,1,0,0
BRDA:41,2,0,0
BRDA:41,3,0,0
BRDA:47,4,0,0
BRDA:151,5,0,4
BRDA:161,6,0,1
BRDA:189,7,0,11
BRDA:193,8,0,0
BRDA:198,9,0,1
BRDA:201,10,0,1
BRDA:212,11,0,0
BRDA:222,12,0,4
BRDA:224,13,0,2
BRDA:226,14,0,2
BRDA:228,15,0,1
BRDA:261,16,0,2
BRDA:265,17,0,1
BRDA:268,18,0,0
BRDA:307,19,0,13
BRDA:310,20,0,0
BRDA:311,21,0,0
BRDA:303,22,0,2
BRDA:330,23,0,1
BRDA:338,24,0,3
BRDA:354,25,0,2
BRDA:364,26,0,1
BRDA:389,27,0,1
BRDA:541,28,0,3
BRDA:542,29,0,0
BRDA:547,30,0,1
BRDA:548,31,0,1
BRDA:549,32,0,1
BRDA:551,33,0,0
BRDA:571,34,0,3
BRDA:572,35,0,0
BRDA:573,36,0,2
BRDA:575,37,0,1
BRDA:577,38,0,0
BRDA:582,39,0,0
BRDA:585,40,0,4
BRDA:589,41,0,3
BRF:42
BRH:28
end_of_record
TN:
SF:packages/connect/connect.ts
FN:14,getChainConfig
FN:36,getChainContext
FN:61,Mocknet
FN:65,ScrtGrpcDevnet
FN:73,ScrtAminoDevnet
FN:84,getDeploymentsForChain
FN:112,getAgentContext
FN:140,chainFlags
FN:151,NoName
FN:155,NoDeploy
FN:159,KnownChains
FN:166,SelectedChain
FNF:12
FNH:0
FNDA:0,getChainConfig
FNDA:0,getChainContext
FNDA:0,Mocknet
FNDA:0,ScrtGrpcDevnet
FNDA:0,ScrtAminoDevnet
FNDA:0,getDeploymentsForChain
FNDA:0,getAgentContext
FNDA:0,chainFlags
FNDA:0,NoName
FNDA:0,NoDeploy
FNDA:0,KnownChains
FNDA:0,SelectedChain
DA:1,1
DA:2,1
DA:3,1
DA:4,1
DA:5,1
DA:6,1
DA:7,1
DA:8,1
DA:9,1
DA:10,1
DA:11,1
DA:12,1
DA:13,1
DA:14,1
DA:15,0
DA:16,0
DA:17,0
DA:18,0
DA:19,0
DA:20,0
DA:21,0
DA:22,0
DA:23,1
DA:24,1
DA:25,1
DA:26,1
DA:27,1
DA:28,1
DA:29,1
DA:30,1
DA:31,1
DA:32,1
DA:33,1
DA:34,1
DA:35,1
DA:36,1
DA:37,0
DA:38,0
DA:39,0
DA:40,0
DA:41,0
DA:42,0
DA:43,0
DA:44,0
DA:45,0
DA:46,0
DA:47,0
DA:48,0
DA:49,0
DA:50,0
DA:51,0
DA:52,0
DA:53,0
DA:54,0
DA:55,0
DA:56,0
DA:57,1
DA:58,1
DA:59,1
DA:60,1
DA:61,1
DA:62,0
DA:63,1
DA:64,1
DA:65,1
DA:66,0
DA:67,0
DA:68,0
DA:69,0
DA:70,0
DA:71,1
DA:72,1
DA:73,1
DA:74,0
DA:75,0
DA:76,0
DA:77,0
DA:78,0
DA:79,0
DA:80,1
DA:81,1
DA:82,1
DA:83,1
DA:84,1
DA:85,0
DA:86,0
DA:87,0
DA:88,0
DA:89,0
DA:90,1
DA:91,1
DA:92,1
DA:93,1
DA:94,1
DA:95,1
DA:96,1
DA:97,1
DA:98,1
DA:99,1
DA:100,1
DA:101,1
DA:102,1
DA:103,1
DA:104,1
DA:105,1
DA:106,1
DA:107,1
DA:108,1
DA:109,1
DA:110,1
DA:111,1
DA:112,1
DA:113,0
DA:114,0
DA:115,0
DA:116,0
DA:117,0
DA:118,0
DA:119,0
DA:120,0
DA:121,0
DA:122,0
DA:123,0
DA:124,0
DA:125,0
DA:126,0
DA:127,0
DA:128,0
DA:129,0
DA:130,0
DA:131,0
DA:132,0
DA:133,0
DA:134,1
DA:135,1
DA:136,1
DA:137,1
DA:138,1
DA:139,1
DA:140,1
DA:141,0
DA:142,0
DA:143,0
DA:144,0
DA:145,0
DA:146,0
DA:147,0
DA:148,0
DA:149,1
DA:150,1
DA:151,1
DA:152,0
DA:153,0
DA:154,1
DA:155,1
DA:156,0
DA:157,0
DA:158,1
DA:159,1
DA:160,0
DA:161,0
DA:162,0
DA:163,0
DA:164,0
DA:165,1
DA:166,1
DA:167,0
DA:168,0
DA:169,0
DA:170,0
DA:171,0
DA:172,0
DA:173,0
DA:174,0
DA:175,1
DA:176,1
DA:177,1
DA:178,1
DA:179,1
DA:180,1
DA:181,0
DA:182,0
DA:183,0
LF:183
LH:89
BRDA:180,0,0,0
BRF:1
BRH:0
end_of_record
TN:
SF:packages/deploy/deploy.ts
FN:48,getDeployConfig
FN:62,Slot
FN:90,getUploadContext
FN:139,TemplateSlot
FN:145,get
FN:159,getOrUpload
FN:163,upload
FN:183,toTemplate
FN:196,Uploader
FN:197,get chain
FN:205,upload
FN:213,uploadMany
FN:238,checkCodeHash
FN:258,CachingFSUploader
FN:252,fromConfig
FN:261,getUploadReceiptPath
FN:266,getUploadReceiptName
FN:270,upload
FN:287,uploadMany
FN:340,ensureCodeHash
FN:360,codeHashForBlob
FN:361,codeHashForPath
FN:409,addPrefix
FN:412,getDeployContext
FN:475,ContractSlot
FN:499,get
FN:513,getOrDeploy
FN:519,deploy
FN:536,Deployments
FN:537,fromConfig
FN:541,create
FN:549,select
FN:558,get active
FN:561,get
FN:569,list
FN:578,save
FN:589,Deployment
FN:600,load
FN:612,has
FN:616,get
FN:626,set
FN:631,setMany
FN:638,add
FN:642,save
FN:652,resolve
FN:655,getClient
FN:663,init
FN:675,initMany
FN:684,initVarious
FN:713,deployMessages
FN:763,Deploy
FN:863,iteration
FN:774,getDeployment
FN:785,createDeployment
FN:795,getOrCreateDeployment
FN:805,listDeployments
FN:824,selectDeployment
FN:847,showDeployment
FNF:58
FNH:30
FNDA:0,getDeployConfig
FNDA:0,Slot
FNDA:0,getUploadContext
FNDA:0,TemplateSlot
FNDA:0,get
FNDA:0,getOrUpload
FNDA:0,upload
FNDA:0,toTemplate
FNDA:5,Uploader
FNDA:0,get chain
FNDA:1,upload
FNDA:3,uploadMany
FNDA:6,checkCodeHash
FNDA:3,CachingFSUploader
FNDA:0,fromConfig
FNDA:3,getUploadReceiptPath
FNDA:7,getUploadReceiptName
FNDA:1,upload
FNDA:4,uploadMany
FNDA:3,ensureCodeHash
FNDA:2,codeHashForBlob
FNDA:2,codeHashForPath
FNDA:5,addPrefix
FNDA:0,getDeployContext
FNDA:0,ContractSlot
FNDA:0,get
FNDA:0,getOrDeploy
FNDA:0,deploy
FNDA:8,Deployments
FNDA:0,fromConfig
FNDA:2,create
FNDA:2,select
FNDA:1,get active
FNDA:2,get
FNDA:1,list
FNDA:1,save
FNDA:5,Deployment
FNDA:6,load
FNDA:0,has
FNDA:6,get
FNDA:7,set
FNDA:1,setMany
FNDA:1,add
FNDA:9,save
FNDA:0,resolve
FNDA:0,getClient
FNDA:1,init
FNDA:1,initMany
FNDA:2,initVarious
FNDA:0,deployMessages
FNDA:0,Deploy
FNDA:0,iteration
FNDA:0,getDeployment
FNDA:0,createDeployment
FNDA:0,getOrCreateDeployment
FNDA:0,listDeployments
FNDA:0,selectDeployment
FNDA:0,showDeployment
DA:1,1
DA:2,1
DA:3,1
DA:4,1
DA:5,1
DA:6,1
DA:7,1
DA:8,1
DA:9,1
DA:10,1
DA:11,1
DA:12,1
DA:13,1
DA:14,1
DA:15,1
DA:16,1
DA:17,1
DA:18,1
DA:19,1
DA:20,1
DA:21,1
DA:22,1
DA:23,1
DA:24,1
DA:25,1
DA:26,1
DA:27,1
DA:28,1
DA:29,1
DA:30,1
DA:31,1
DA:32,1
DA:33,1
DA:34,1
DA:35,1
DA:36,1
DA:37,1
DA:38,1
DA:39,1
DA:40,1
DA:41,1
DA:42,1
DA:43,1
DA:44,1
DA:45,1
DA:46,1
DA:47,1
DA:48,1
DA:49,0
DA:50,0
DA:51,0
DA:52,0
DA:53,0
DA:54,0
DA:55,1
DA:56,1
DA:57,1
DA:58,1
DA:59,1
DA:60,1
DA:61,1
DA:62,0
DA:63,0
DA:64,0
DA:65,0
DA:66,1
DA:67,1
DA:68,1
DA:69,1
DA:70,1
DA:71,1
DA:72,1
DA:73,1
DA:74,1
DA:75,1
DA:76,1
DA:77,1
DA:78,1
DA:79,1
DA:80,1
DA:81,1
DA:82,1
DA:83,1
DA:84,1
DA:85,1
DA:86,1
DA:87,1
DA:88,1
DA:89,1
DA:90,1
DA:91,0
DA:92,0
DA:93,0
DA:94,0
DA:95,0
DA:96,0
DA:97,0
DA:98,0
DA:99,0
DA:100,0
DA:101,0
DA:102,0
DA:103,0
DA:104,0
DA:105,0
DA:106,0
DA:107,0
DA:108,0
DA:109,0
DA:110,0
DA:111,0
DA:112,0
DA:113,0
DA:114,0
DA:115,0
DA:116,0
DA:117,0
DA:118,0
DA:119,0
DA:120,0
DA:121,0
DA:122,0
DA:123,0
DA:124,0
DA:125,0
DA:126,0
DA:127,0
DA:128,0
DA:129,0
DA:130,0
DA:131,0
DA:132,0
DA:133,0
DA:134,0
DA:135,0
DA:136,0
DA:137,1
DA:138,1
DA:139,1
DA:140,0
DA:141,0
DA:142,0
DA:143,0
DA:144,0
DA:145,1
DA:146,0
DA:147,0
DA:148,0
DA:149,0
DA:150,0
DA:151,0
DA:152,0
DA:153,0
DA:154,0
DA:155,0
DA:156,0
DA:157,1
DA:158,1
DA:159,1
DA:160,0
DA:161,0
DA:162,0
DA:163,1
DA:164,0
DA:165,0
DA:166,1
DA:167,1
DA:168,1
DA:169,1
DA:170,1
DA:171,1
DA:172,1
DA:173,1
DA:174,1
DA:175,1
DA:176,1
DA:177,1
DA:178,1
DA:179,1
DA:180,1
DA:181,1
DA:182,1
DA:183,1
DA:184,0
DA:185,0
DA:186,0
DA:187,0
DA:188,0
DA:189,0
DA:190,0
DA:191,0
DA:192,0
DA:193,1
DA:194,1
DA:195,1
DA:196,1
DA:197,1
DA:198,1
DA:199,1
DA:200,1
DA:201,1
DA:202,1
DA:203,1
DA:204,1
DA:205,1
DA:206,1
DA:207,1
DA:208,1
DA:209,1
DA:210,1
DA:211,1
DA:212,1
DA:213,1
DA:214,3
DA:215,3
DA:216,3
DA:217,9
DA:218,9
DA:219,9
DA:220,9
DA:221,9
DA:222,6
DA:223,6
DA:224,6
DA:225,6
DA:226,6
DA:227,6
DA:228,6
DA:229,6
DA:230,9
DA:231,9
DA:232,3
DA:233,3
DA:234,1
DA:235,1
DA:236,1
DA:237,1
DA:238,1
DA:239,6
DA:240,3
DA:241,3
DA:242,3
DA:243,3
DA:244,3
DA:245,3
DA:246,6
DA:247,1
DA:248,1
DA:249,1
DA:250,1
DA:251,1
DA:252,1
DA:253,0
DA:254,0
DA:255,0
DA:256,0
DA:257,0
DA:258,1
DA:259,3
DA:260,3
DA:261,1
DA:262,3
DA:263,3
DA:264,3
DA:265,3
DA:266,1
DA:267,7
DA:268,7
DA:269,1
DA:270,1
DA:271,1
DA:272,1
DA:273,1
DA:274,0
DA:275,0
DA:276,1
DA:277,1
DA:278,1
DA:279,1
DA:280,1
DA:281,1
DA:282,1
DA:283,1
DA:284,1
DA:285,1
DA:286,1
DA:287,1
DA:288,4
DA:289,4
DA:290,4
DA:291,3
DA:292,3
DA:293,3
DA:294,3
DA:295,3
DA:296,3
DA:297,2
DA:298,3
DA:299,1
DA:300,1
DA:301,1
DA:302,1
DA:303,1
DA:304,1
DA:305,1
DA:306,1
DA:307,0
DA:308,0
DA:309,0
DA:310,0
DA:311,0
DA:312,0
DA:313,0
DA:314,0
DA:315,0
DA:316,0
DA:317,0
DA:318,0
DA:319,0
DA:320,0
DA:321,0
DA:322,0
DA:323,3
DA:324,4
DA:325,2
DA:326,2
DA:327,3
DA:328,3
DA:329,3
DA:330,3
DA:331,3
DA:332,3
DA:333,2
DA:334,2
DA:335,2
DA:336,4
DA:337,4
DA:338,1
DA:339,1
DA:340,1
DA:341,3
DA:342,2
DA:343,2
DA:344,2
DA:345,2
DA:346,2
DA:347,2
DA:348,2
DA:349,2
DA:350,2
DA:351,2
DA:352,2
DA:353,2
DA:354,0
DA:355,0
DA:356,2
DA:357,3
DA:358,1
DA:359,1
DA:360,1
DA:361,1
DA:362,1
DA:363,1
DA:364,1
DA:365,1
DA:366,1
DA:367,1
DA:368,1
DA:369,1
DA:370,1
DA:371,1
DA:372,1
DA:373,1
DA:374,1
DA:375,1
DA:376,1
DA:377,1
DA:378,1
DA:379,1
DA:380,1
DA:381,1
DA:382,1
DA:383,1
DA:384,1
DA:385,1
DA:386,1
DA:387,1
DA:388,1
DA:389,1
DA:390,1
DA:391,1
DA:392,1
DA:393,1
DA:394,1
DA:395,1
DA:396,1
DA:397,1
DA:398,1
DA:399,1
DA:400,1
DA:401,1
DA:402,1
DA:403,1
DA:404,1
DA:405,1
DA:406,1
DA:407,1
DA:408,1
DA:409,1
DA:410,1
DA:411,1
DA:412,1
DA:413,0
DA:414,0
DA:415,0
DA:416,0
DA:417,0
DA:418,0
DA:419,0
DA:420,0
DA:421,0
DA:422,0
DA:423,0
DA:424,0
DA:425,0
DA:426,0
DA:427,0
DA:428,0
DA:429,0
DA:430,0
DA:431,0
DA:432,0
DA:433,0
DA:434,0
DA:435,0
DA:436,0
DA:437,0
DA:438,0
DA:439,0
DA:440,0
DA:441,0
DA:442,0
DA:443,0
DA:444,0
DA:445,0
DA:446,0
DA:447,0
DA:448,0
DA:449,0
DA:450,0
DA:451,0
DA:452,0
DA:453,0
DA:454,0
DA:455,0
DA:456,0
DA:457,0
DA:458,0
DA:459,0
DA:460,0
DA:461,0
DA:462,0
DA:463,0
DA:464,0
DA:465,0
DA:466,0
DA:467,0
DA:468,0
DA:469,0
DA:470,0
DA:471,1
DA:472,1
DA:473,1
DA:474,1
DA:475,1
DA:476,0
DA:477,0
DA:478,0
DA:479,0
DA:480,0
DA:481,0
DA:482,0
DA:483,0
DA:484,0
DA:485,0
DA:486,0
DA:487,0
DA:488,0
DA:489,0
DA:490,0
DA:491,0
DA:492,0
DA:493,0
DA:494,0
DA:495,0
DA:496,0
DA:497,1
DA:498,1
DA:499,1
DA:500,0
DA:501,0
DA:502,0
DA:503,0
DA:504,0
DA:505,0
DA:506,0
DA:507,0
DA:508,0
DA:509,0
DA:510,0
DA:511,1
DA:512,1
DA:513,1
DA:514,0
DA:515,0
DA:516,0
DA:517,1
DA:518,1
DA:519,1
DA:520,0
DA:521,0
DA:522,0
DA:523,0
DA:524,0
DA:525,0
DA:526,0
DA:527,0
DA:528,0
DA:529,0
DA:530,0
DA:531,0
DA:532,0
DA:533,1
DA:534,1
DA:535,1
DA:536,8
DA:537,8
DA:538,0
DA:539,0
DA:540,8
DA:541,8
DA:542,2
DA:543,2
DA:544,0
DA:545,0
DA:546,2
DA:547,0
DA:548,0
DA:549,8
DA:550,2
DA:551,2
DA:552,0
DA:553,0
DA:554,2
DA:555,2
DA:556,2
DA:557,2
DA:558,8
DA:559,1
DA:560,1
DA:561,8
DA:562,2
DA:563,2
DA:564,1
DA:565,1
DA:566,1
DA:567,1
DA:568,1
DA:569,8
DA:570,1
DA:571,0
DA:572,0
DA:573,1
DA:574,1
DA:575,1
DA:576,1
DA:577,1
DA:578,8
DA:579,1
DA:580,1
DA:581,1
DA:582,1
DA:583,8
DA:584,1
DA:585,1
DA:586,1
DA:587,1
DA:588,1
DA:589,1
DA:590,5
DA:591,5
DA:592,1
DA:593,1
DA:594,1
DA:595,1
DA:596,1
DA:597,1
DA:598,1
DA:599,1
DA:600,1
DA:601,6
DA:602,1
DA:603,1
DA:604,6
DA:605,6
DA:606,6
DA:607,6
DA:608,1
DA:609,1
DA:610,1
DA:611,6
DA:612,1
DA:613,0
DA:614,0
DA:615,1
DA:616,1
DA:617,6
DA:618,6
DA:619,1
DA:620,1
DA:621,1
DA:622,5
DA:623,5
DA:624,5
DA:625,1
DA:626,1
DA:627,7
DA:628,7
DA:629,7
DA:630,1
DA:631,1
DA:632,1
DA:633,2
DA:634,2
DA:635,1
DA:636,1
DA:637,1
DA:638,1
DA:639,1
DA:640,1
DA:641,1
DA:642,1
DA:643,9
DA:644,9
DA:645,14
DA:646,14
DA:647,14
DA:648,9
DA:649,9
DA:650,9
DA:651,1
DA:652,1
DA:653,0
DA:654,0
DA:655,1
DA:656,0
DA:657,0
DA:658,0
DA:659,0
DA:660,0
DA:661,0
DA:662,1
DA:663,1
DA:664,1
DA:665,1
DA:666,1
DA:667,1
DA:668,1
DA:669,1
DA:670,1
DA:671,1
DA:672,1
DA:673,1
DA:674,1
DA:675,1
DA:676,1
DA:677,1
DA:678,1
DA:679,1
DA:680,1
DA:681,1
DA:682,1
DA:683,1
DA:684,1
DA:685,2
DA:686,2
DA:687,2
DA:688,2
DA:689,2
DA:690,4
DA:691,4
DA:692,0
DA:693,0
DA:694,0
DA:695,0
DA:696,0
DA:697,4
DA:698,2
DA:699,2
DA:700,2
DA:701,2
DA:702,2
DA:703,2
DA:704,2
DA:705,4
DA:706,4
DA:707,4
DA:708,2
DA:709,2
DA:710,1
DA:711,1
DA:712,1
DA:713,1
DA:714,0
DA:715,0
DA:716,0
DA:717,0
DA:718,0
DA:719,0
DA:720,0
DA:721,0
DA:722,0
DA:723,0
DA:724,0
DA:725,0
DA:726,0
DA:727,0
DA:728,0
DA:729,0
DA:730,0
DA:731,0
DA:732,0
DA:733,0
DA:734,0
DA:735,0
DA:736,0
DA:737,0
DA:738,0
DA:739,0
DA:740,0
DA:741,0
DA:742,0
DA:743,0
DA:744,0
DA:745,0
DA:746,0
DA:747,0
DA:748,0
DA:749,0
DA:750,0
DA:751,0
DA:752,0
DA:753,0
DA:754,0
DA:755,0
DA:756,0
DA:757,0
DA:758,0
DA:759,0
DA:760,1
DA:761,1
DA:762,1
DA:763,1
DA:764,0
DA:765,0
DA:766,0
DA:767,0
DA:768,0
DA:769,0
DA:770,0
DA:771,0
DA:772,1
DA:773,1
DA:774,1
DA:775,0
DA:776,0
DA:777,0
DA:778,0
DA:779,0
DA:780,0
DA:781,0
DA:782,0
DA:783,1
DA:784,1
DA:785,1
DA:786,0
DA:787,0
DA:788,0
DA:789,0
DA:790,0
DA:791,0
DA:792,0
DA:793,1
DA:794,1
DA:795,1
DA:796,0
DA:797,0
DA:798,0
DA:799,0
DA:800,0
DA:801,0
DA:802,0
DA:803,0
DA:804,1
DA:805,1
DA:806,0
DA:807,0
DA:808,0
DA:809,0
DA:810,0
DA:811,0
DA:812,0
DA:813,0
DA:814,0
DA:815,0
DA:816,0
DA:817,0
DA:818,0
DA:819,0
DA:820,0
DA:821,0
DA:822,0
DA:823,1
DA:824,1
DA:825,0
DA:826,0
DA:827,0
DA:828,0
DA:829,0
DA:830,0
DA:831,0
DA:832,0
DA:833,0
DA:834,0
DA:835,0
DA:836,0
DA:837,0
DA:838,0
DA:839,0
DA:840,0
DA:841,0
DA:842,0
DA:843,0
DA:844,0
DA:845,1
DA:846,1
DA:847,1
DA:848,0
DA:849,0
DA:850,0
DA:851,0
DA:852,0
DA:853,0
DA:854,0
DA:855,0
DA:856,0
DA:857,0
DA:858,0
DA:859,0
DA:860,0
DA:861,1
DA:862,1
DA:863,1
DA:864,0
DA:865,0
DA:866,0
DA:867,0
DA:868,0
DA:869,0
DA:870,0
DA:871,0
DA:872,0
DA:873,1
DA:874,1
DA:875,1
DA:876,1
DA:877,1
DA:878,1
DA:879,1
DA:880,1
DA:881,0
DA:882,0
DA:883,0
DA:884,0
DA:885,0
DA:886,0
DA:887,0
LF:887
LH:502
BRDA:880,0,0,0
BRDA:196,1,0,5
BRDA:205,2,0,1
BRDA:213,3,0,3
BRDA:216,4,0,9
BRDA:221,5,0,6
BRDA:238,6,0,6
BRDA:239,7,0,3
BRDA:258,8,0,3
BRDA:261,9,0,3
BRDA:266,10,0,7
BRDA:270,11,0,1
BRDA:273,12,0,0
BRDA:287,13,0,4
BRDA:290,14,0,3
BRDA:296,15,0,2
BRDA:298,16,0,1
BRDA:307,17,0,0
BRDA:324,18,0,2
BRDA:326,19,0,3
BRDA:327,20,0,0
BRDA:340,21,0,3
BRDA:341,22,0,2
BRDA:353,23,0,0
BRDA:360,24,0,2
BRDA:361,25,0,2
BRDA:409,26,0,5
BRDA:536,27,0,8
BRDA:541,28,0,2
BRDA:543,29,0,0
BRDA:547,30,0,0
BRDA:549,31,0,2
BRDA:551,32,0,0
BRDA:555,33,0,0
BRDA:558,34,0,1
BRDA:561,35,0,2
BRDA:563,36,0,1
BRDA:569,37,0,1
BRDA:570,38,0,0
BRDA:574,39,0,2
BRDA:575,40,0,2
BRDA:576,41,0,2
BRDA:578,42,0,1
BRDA:589,43,0,5
BRDA:600,44,0,6
BRDA:601,45,0,1
BRDA:607,46,0,1
BRDA:616,47,0,6
BRDA:618,48,0,1
BRDA:622,49,0,5
BRDA:626,50,0,7
BRDA:631,51,0,1
BRDA:632,52,0,2
BRDA:638,53,0,1
BRDA:642,54,0,9
BRDA:644,55,0,14
BRDA:663,56,0,1
BRDA:675,57,0,1
BRDA:681,58,0,2
BRDA:684,59,0,2
BRDA:689,60,0,4
BRDA:691,61,0,0
BRDA:704,62,0,4
BRDA:699,63,0,4
BRF:64
BRH:53
end_of_record
TN:
SF:packages/devnet/devnet.ts
FN:19,getDevnetConfig
FN:77,Devnet
FN:115,get url
FN:132,save
FN:140,load
FN:164,terminate
FN:216,DockerDevnet
FN:206,getOrCreate
FN:224,get dokeres
FN:238,getGenesisAccount
FN:245,get initScriptName
FN:248,spawn
FN:318,logFilter
FN:333,load
FN:343,save
FN:347,respawn
FN:397,kill
FN:419,erase
FN:505,RemoteDevnet
FN:472,getOrCreate
FN:512,spawn
FN:542,save
FN:549,respawn
FN:558,ready
FN:568,getGenesisAccount
FN:575,erase
FN:578,kill
FN:583,getDevnet
FN:596,resetDevnet
FNF:29
FNH:3
FNDA:0,getDevnetConfig
FNDA:3,Devnet
FNDA:0,get url
FNDA:1,save
FNDA:1,load
FNDA:0,terminate
FNDA:0,DockerDevnet
FNDA:0,getOrCreate
FNDA:0,get dokeres
FNDA:0,getGenesisAccount
FNDA:0,get initScriptName
FNDA:0,spawn
FNDA:0,logFilter
FNDA:0,load
FNDA:0,save
FNDA:0,respawn
FNDA:0,kill
FNDA:0,erase
FNDA:0,RemoteDevnet
FNDA:0,getOrCreate
FNDA:0,spawn
FNDA:0,save
FNDA:0,respawn
FNDA:0,ready
FNDA:0,getGenesisAccount
FNDA:0,erase
FNDA:0,kill
FNDA:0,getDevnet
FNDA:0,resetDevnet
DA:1,1
DA:2,1
DA:3,1
DA:4,1
DA:5,1
DA:6,1
DA:7,1
DA:8,1
DA:9,1
DA:10,1
DA:11,1
DA:12,1
DA:13,1
DA:14,1
DA:15,1
DA:16,1
DA:17,1
DA:18,1
DA:19,1
DA:20,0
DA:21,0
DA:22,0
DA:23,0
DA:24,0
DA:25,0
DA:26,0
DA:27,0
DA:28,1
DA:29,1
DA:30,1
DA:31,1
DA:32,1
DA:33,1
DA:34,1
DA:35,1
DA:36,1
DA:37,1
DA:38,1
DA:39,1
DA:40,1
DA:41,1
DA:42,1
DA:43,1
DA:44,1
DA:45,1
DA:46,1
DA:47,1
DA:48,1
DA:49,1
DA:50,1
DA:51,1
DA:52,1
DA:53,1
DA:54,1
DA:55,1
DA:56,1
DA:57,1
DA:58,1
DA:59,1
DA:60,1
DA:61,1
DA:62,1
DA:63,1
DA:64,1
DA:65,1
DA:66,1
DA:67,1
DA:68,1
DA:69,1
DA:70,1
DA:71,1
DA:72,1
DA:73,1
DA:74,1
DA:75,1
DA:76,1
DA:77,1
DA:78,3
DA:79,3
DA:80,3
DA:81,3
DA:82,3
DA:83,3
DA:84,3
DA:85,3
DA:86,3
DA:87,3
DA:88,3
DA:89,3
DA:90,0
DA:91,0
DA:92,0
DA:93,0
DA:94,3
DA:95,0
DA:96,0
DA:97,3
DA:98,3
DA:99,3
DA:100,3
DA:101,1
DA:102,1
DA:103,1
DA:104,1
DA:105,1
DA:106,1
DA:107,1
DA:108,1
DA:109,1
DA:110,1
DA:111,1
DA:112,1
DA:113,1
DA:114,1
DA:115,1
DA:116,0
DA:117,0
DA:118,0
DA:119,1
DA:120,1
DA:121,1
DA:122,1
DA:123,1
DA:124,1
DA:125,1
DA:126,1
DA:127,1
DA:128,1
DA:129,1
DA:130,1
DA:131,1
DA:132,1
DA:133,1
DA:134,1
DA:135,1
DA:136,1
DA:137,1
DA:138,1
DA:139,1
DA:140,1
DA:141,1
DA:142,1
DA:143,1
DA:144,1
DA:145,1
DA:146,1
DA:147,1
DA:148,0
DA:149,0
DA:150,1
DA:151,1
DA:152,1
DA:153,0
DA:154,0
DA:155,0
DA:156,0
DA:157,1
DA:158,0
DA:159,0
DA:160,1
DA:161,1
DA:162,1
DA:163,1
DA:164,1
DA:165,0
DA:166,0
DA:167,0
DA:168,1
DA:169,1
DA:170,1
DA:171,1
DA:172,1
DA:173,1
DA:174,1
DA:175,1
DA:176,1
DA:177,1
DA:178,1
DA:179,1
DA:180,1
DA:181,1
DA:182,1
DA:183,1
DA:184,1
DA:185,1
DA:186,1
DA:187,1
DA:188,1
DA:189,1
DA:190,1
DA:191,1
DA:192,1
DA:193,1
DA:194,1
DA:195,1
DA:196,1
DA:197,1
DA:198,1
DA:199,1
DA:200,1
DA:201,1
DA:202,1
DA:203,1
DA:204,1
DA:205,1
DA:206,1
DA:207,0
DA:208,0
DA:209,0
DA:210,0
DA:211,0
DA:212,0
DA:213,0
DA:214,0
DA:215,1
DA:216,1
DA:217,0
DA:218,0
DA:219,0
DA:220,0
DA:221,0
DA:222,0
DA:223,0
DA:224,1
DA:225,0
DA:226,0
DA:227,1
DA:228,1
DA:229,1
DA:230,1
DA:231,1
DA:232,1
DA:233,1
DA:234,1
DA:235,1
DA:236,1
DA:237,1
DA:238,1
DA:239,0
DA:240,0
DA:241,1
DA:242,1
DA:243,1
DA:244,1
DA:245,1
DA:246,0
DA:247,0
DA:248,1
DA:249,0
DA:250,0
DA:251,0
DA:252,0
DA:253,0
DA:254,0
DA:255,0
DA:256,0
DA:257,0
DA:258,0
DA:259,0
DA:260,0
DA:261,0
DA:262,0
DA:263,0
DA:264,0
DA:265,0
DA:266,0
DA:267,0
DA:268,0
DA:269,0
DA:270,0
DA:271,0
DA:272,0
DA:273,0
DA:274,0
DA:275,0
DA:276,0
DA:277,0
DA:278,0
DA:279,0
DA:280,0
DA:281,0
DA:282,0
DA:283,0
DA:284,0
DA:285,0
DA:286,0
DA:287,0
DA:288,0
DA:289,0
DA:290,0
DA:291,0
DA:292,0
DA:293,0
DA:294,0
DA:295,0
DA:296,0
DA:297,0
DA:298,0
DA:299,0
DA:300,0
DA:301,0
DA:302,0
DA:303,0
DA:304,0
DA:305,0
DA:306,0
DA:307,0
DA:308,0
DA:309,0
DA:310,0
DA:311,0
DA:312,1
DA:313,1
DA:314,1
DA:315,1
DA:316,1
DA:317,1
DA:318,1
DA:319,0
DA:320,0
DA:321,0
DA:322,0
DA:323,0
DA:324,0
DA:325,0
DA:326,0
DA:327,0
DA:328,0
DA:329,0
DA:330,0
DA:331,0
DA:332,0
DA:333,1
DA:334,0
DA:335,0
DA:336,0
DA:337,0
DA:338,0
DA:339,0
DA:340,0
DA:341,0
DA:342,1
DA:343,1
DA:344,0
DA:345,0
DA:346,1
DA:347,1
DA:348,0
DA:349,0
DA:350,0
DA:351,0
DA:352,0
DA:353,0
DA:354,0
DA:355,0
DA:356,0
DA:357,0
DA:358,0
DA:359,0
DA:360,0
DA:361,0
DA:362,0
DA:363,0
DA:364,0
DA:365,0
DA:366,0
DA:367,0
DA:368,0
DA:369,0
DA:370,0
DA:371,0
DA:372,0
DA:373,0
DA:374,0
DA:375,0
DA:376,0
DA:377,0
DA:378,0
DA:379,0
DA:380,0
DA:381,0
DA:382,0
DA:383,0
DA:384,0
DA:385,0
DA:386,0
DA:387,0
DA:388,0
DA:389,0
DA:390,0
DA:391,0
DA:392,0
DA:393,0
DA:394,0
DA:395,0
DA:396,1
DA:397,1
DA:398,0
DA:399,0
DA:400,0
DA:401,0
DA:402,0
DA:403,0
DA:404,0
DA:405,0
DA:406,0
DA:407,0
DA:408,0
DA:409,0
DA:410,0
DA:411,0
DA:412,0
DA:413,0
DA:414,0
DA:415,0
DA:416,0
DA:417,1
DA:418,1
DA:419,1
DA:420,0
DA:421,0
DA:422,0
DA:423,0
DA:424,0
DA:425,0
DA:426,0
DA:427,0
DA:428,0
DA:429,0
DA:430,0
DA:431,0
DA:432,0
DA:433,0
DA:434,0
DA:435,0
DA:436,0
DA:437,0
DA:438,0
DA:439,0
DA:440,0
DA:441,0
DA:442,0
DA:443,0
DA:444,0
DA:445,0
DA:446,0
DA:447,0
DA:448,0
DA:449,0
DA:450,0
DA:451,0
DA:452,0
DA:453,0
DA:454,0
DA:455,0
DA:456,1
DA:457,1
DA:458,1
DA:459,1
DA:460,1
DA:461,1
DA:462,1
DA:463,1
DA:464,1
DA:465,1
DA:466,1
DA:467,1
DA:468,1
DA:469,1
DA:470,1
DA:471,1
DA:472,1
DA:473,0
DA:474,0
DA:475,0
DA:476,0
DA:477,0
DA:478,0
DA:479,0
DA:480,0
DA:481,0
DA:482,0
DA:483,0
DA:484,0
DA:485,0
DA:486,0
DA:487,0
DA:488,0
DA:489,0
DA:490,0
DA:491,0
DA:492,0
DA:493,0
DA:494,0
DA:495,0
DA:496,0
DA:497,0
DA:498,0
DA:499,0
DA:500,0
DA:501,0
DA:502,0
DA:503,0
DA:504,0
DA:505,1
DA:506,0
DA:507,0
DA:508,0
DA:509,0
DA:510,0
DA:511,1
DA:512,1
DA:513,0
DA:514,0
DA:515,0
DA:516,0
DA:517,0
DA:518,0
DA:519,0
DA:520,0
DA:521,0
DA:522,0
DA:523,0
DA:524,0
DA:525,0
DA:526,0
DA:527,0
DA:528,0
DA:529,0
DA:530,0
DA:531,0
DA:532,0
DA:533,0
DA:534,0
DA:535,0
DA:536,0
DA:537,0
DA:538,0
DA:539,0
DA:540,0
DA:541,0
DA:542,1
DA:543,0
DA:544,0
DA:545,0
DA:546,0
DA:547,0
DA:548,0
DA:549,1
DA:550,0
DA:551,0
DA:552,0
DA:553,0
DA:554,0
DA:555,0
DA:556,0
DA:557,0
DA:558,1
DA:559,0
DA:560,0
DA:561,0
DA:562,0
DA:563,0
DA:564,0
DA:565,0
DA:566,0
DA:567,0
DA:568,1
DA:569,0
DA:570,0
DA:571,0
DA:572,0
DA:573,0
DA:574,0
DA:575,1
DA:576,0
DA:577,0
DA:578,1
DA:579,0
DA:580,0
DA:581,1
DA:582,1
DA:583,1
DA:584,0
DA:585,0
DA:586,0
DA:587,0
DA:588,0
DA:589,0
DA:590,0
DA:591,0
DA:592,0
DA:593,0
DA:594,0
DA:595,1
DA:596,1
DA:597,0
DA:598,0
DA:599,0
DA:600,0
DA:601,0
DA:602,0
DA:603,0
DA:604,0
LF:604
LH:247
BRDA:77,0,0,3
BRDA:86,1,0,0
BRDA:87,2,0,2
BRDA:89,3,0,0
BRDA:94,4,0,2
BRDA:94,5,0,0
BRDA:97,6,0,2
BRDA:97,7,0,1
BRDA:132,8,0,1
BRDA:140,9,0,1
BRDA:147,10,0,0
BRDA:152,11,0,0
BRDA:157,12,0,0
BRF:13
BRH:7
end_of_record
TN:
SF:packages/mocknet/mocknet.ts
FN:18,Mocknet
FN:23,getAgent
FN:26,query
FN:29,getHash
FN:32,getCodeId
FN:35,getLabel
FN:38,getBalance
FN:41,get height
FN:50,MocknetAgent
FN:46,get defaultDenom
FN:47,create
FN:55,get backend
FN:59,upload
FN:62,instantiate
FN:65,execute
FN:68,query
FN:71,get nextBlock
FN:74,get block
FN:77,get account
FN:80,get balance
FN:83,getBalance
FN:86,send
FN:89,sendMany
FN:95,submit
FN:111,save
FN:154,trace
FN:157,trace
FN:158,debug
FN:161,debug
FN:165,MocknetBackend
FN:168,getCode
FN:175,upload
FN:183,getInstance
FN:190,instantiate
FN:203,execute
FN:213,makeEnv
FN:231,passCallbacks
FN:277,query
FN:281,resultOf
FN:296,MocknetContract
FN:303,load
FN:308,init
FN:321,handle
FN:334,query
FN:346,pass
FN:349,readUtf8
FN:355,makeImports
FN:362,getExports
FN:369,db_read
FN:380,db_write
FN:387,db_remove
FN:393,canonicalize_address
FN:402,humanize_address
FN:411,query_chain
FN:456,parseResult
FN:470,region
FN:478,readUtf8
FN:488,readBuffer
FN:499,pass
FN:504,passBuffer
FN:513,write
FN:517,writeUtf8
FN:521,writeToRegion
FN:531,writeToRegionUtf8
FN:535,drop
FN:543,b64toUtf8
FN:547,utf8toB64
FN:550,utf8toBuffer
FN:553,bufferToUtf8
FN:557,codeHashForBlob
FNF:70
FNH:44
FNDA:5,Mocknet
FNDA:5,getAgent
FNDA:4,query
FNDA:0,getHash
FNDA:0,getCodeId
FNDA:0,getLabel
FNDA:0,getBalance
FNDA:0,get height
FNDA:5,MocknetAgent
FNDA:0,get defaultDenom
FNDA:0,create
FNDA:10,get backend
FNDA:4,upload
FNDA:3,instantiate
FNDA:3,execute
FNDA:4,query
FNDA:0,get nextBlock
FNDA:0,get block
FNDA:0,get account
FNDA:0,get balance
FNDA:0,getBalance
FNDA:0,send
FNDA:0,sendMany
FNDA:0,submit
FNDA:0,save
FNDA:0,trace
FNDA:9,trace
FNDA:0,debug
FNDA:15,debug
FNDA:5,MocknetBackend
FNDA:3,getCode
FNDA:4,upload
FNDA:7,getInstance
FNDA:3,instantiate
FNDA:3,execute
FNDA:5,makeEnv
FNDA:5,passCallbacks
FNDA:4,query
FNDA:0,resultOf
FNDA:3,MocknetContract
FNDA:3,load
FNDA:4,init
FNDA:5,handle
FNDA:6,query
FNDA:24,pass
FNDA:15,readUtf8
FNDA:3,makeImports
FNDA:6,getExports
FNDA:3,db_read
FNDA:2,db_write
FNDA:1,db_remove
FNDA:0,canonicalize_address
FNDA:0,humanize_address
FNDA:0,query_chain
FNDA:9,parseResult
FNDA:49,region
FNDA:21,readUtf8
FNDA:2,readBuffer
FNDA:24,pass
FNDA:26,passBuffer
FNDA:26,write
FNDA:0,writeUtf8
FNDA:0,writeToRegion
FNDA:0,writeToRegionUtf8
FNDA:21,drop
FNDA:5,b64toUtf8
FNDA:4,utf8toB64
FNDA:24,utf8toBuffer
FNDA:0,bufferToUtf8
FNDA:4,codeHashForBlob
DA:1,1
DA:2,1
DA:3,1
DA:4,1
DA:5,1
DA:6,1
DA:7,1
DA:8,1
DA:9,1
DA:10,1
DA:11,1
DA:12,1
DA:13,1
DA:14,1
DA:15,1
DA:16,1
DA:17,1
DA:18,1
DA:19,5
DA:20,5
DA:21,1
DA:22,1
DA:23,1
DA:24,5
DA:25,5
DA:26,1
DA:27,4
DA:28,4
DA:29,1
DA:30,0
DA:31,0
DA:32,1
DA:33,0
DA:34,0
DA:35,1
DA:36,0
DA:37,0
DA:38,1
DA:39,0
DA:40,0
DA:41,1
DA:42,0
DA:43,0
DA:44,1
DA:45,1
DA:46,1
DA:47,1
DA:48,0
DA:49,0
DA:50,1
DA:51,5
DA:52,5
DA:53,1
DA:54,1
DA:55,1
DA:56,10
DA:57,10
DA:58,10
DA:59,1
DA:60,4
DA:61,4
DA:62,1
DA:63,3
DA:64,3
DA:65,1
DA:66,3
DA:67,3
DA:68,1
DA:69,4
DA:70,4
DA:71,1
DA:72,0
DA:73,0
DA:74,1
DA:75,0
DA:76,0
DA:77,1
DA:78,0
DA:79,0
DA:80,1
DA:81,0
DA:82,0
DA:83,1
DA:84,0
DA:85,0
DA:86,1
DA:87,0
DA:88,0
DA:89,1
DA:90,0
DA:91,0
DA:92,1
DA:93,1
DA:94,1
DA:95,1
DA:96,0
DA:97,0
DA:98,0
DA:99,0
DA:100,0
DA:101,0
DA:102,0
DA:103,0
DA:104,0
DA:105,0
DA:106,0
DA:107,0
DA:108,0
DA:109,0
DA:110,0
DA:111,1
DA:112,0
DA:113,0
DA:114,1
DA:115,1
DA:116,1
DA:117,1
DA:118,1
DA:119,1
DA:120,1
DA:121,1
DA:122,1
DA:123,1
DA:124,1
DA:125,1
DA:126,1
DA:127,1
DA:128,1
DA:129,1
DA:130,1
DA:131,1
DA:132,1
DA:133,1
DA:134,1
DA:135,1
DA:136,1
DA:137,1
DA:138,1
DA:139,1
DA:140,1
DA:141,1
DA:142,1
DA:143,1
DA:144,1
DA:145,1
DA:146,1
DA:147,1
DA:148,1
DA:149,1
DA:150,1
DA:151,1
DA:152,1
DA:153,1
DA:154,1
DA:155,0
DA:156,0
DA:157,1
DA:158,1
DA:159,0
DA:160,0
DA:161,1
DA:162,1
DA:163,1
DA:164,1
DA:165,1
DA:166,1
DA:167,1
DA:168,1
DA:169,3
DA:170,3
DA:171,1
DA:172,1
DA:173,2
DA:174,2
DA:175,1
DA:176,4
DA:177,4
DA:178,4
DA:179,4
DA:180,4
DA:181,4
DA:182,1
DA:183,1
DA:184,7
DA:185,7
DA:186,0
DA:187,0
DA:188,7
DA:189,7
DA:190,1
DA:191,3
DA:192,3
DA:193,3
DA:194,3
DA:195,3
DA:196,2
DA:197,2
DA:198,2
DA:199,2
DA:200,2
DA:201,2
DA:202,2
DA:203,1
DA:204,3
DA:205,3
DA:206,3
DA:207,1
DA:208,1
DA:209,3
DA:210,3
DA:211,3
DA:212,1
DA:213,1
DA:214,5
DA:215,5
DA:216,5
DA:217,5
DA:218,5
DA:219,5
DA:220,5
DA:221,5
DA:222,5
DA:223,5
DA:224,5
DA:225,5
DA:226,5
DA:227,5
DA:228,5
DA:229,5
DA:230,5
DA:231,1
DA:232,5
DA:233,0
DA:234,0
DA:235,0
DA:236,0
DA:237,0
DA:238,0
DA:239,0
DA:240,0
DA:241,0
DA:242,0
DA:243,0
DA:244,0
DA:245,0
DA:246,0
DA:247,0
DA:248,0
DA:249,0
DA:250,0
DA:251,0
DA:252,0
DA:253,0
DA:254,0
DA:255,0
DA:256,0
DA:257,0
DA:258,0
DA:259,0
DA:260,0
DA:261,0
DA:262,0
DA:263,0
DA:264,0
DA:265,0
DA:266,0
DA:267,0
DA:268,0
DA:269,0
DA:270,0
DA:271,0
DA:272,0
DA:273,0
DA:274,0
DA:275,0
DA:276,5
DA:277,1
DA:278,4
DA:279,4
DA:280,4
DA:281,1
DA:282,0
DA:283,0
DA:284,0
DA:285,0
DA:286,0
DA:287,0
DA:288,0
DA:289,0
DA:290,0
DA:291,0
DA:292,0
DA:293,1
DA:294,1
DA:295,1
DA:296,1
DA:297,3
DA:298,3
DA:299,3
DA:300,3
DA:301,3
DA:302,1
DA:303,1
DA:304,3
DA:305,3
DA:306,3
DA:307,3
DA:308,1
DA:309,4
DA:310,4
DA:311,4
DA:312,4
DA:313,4
DA:314,4
DA:315,4
DA:316,4
DA:317,0
DA:318,0
DA:319,0
DA:320,4
DA:321,1
DA:322,5
DA:323,5
DA:324,5
DA:325,5
DA:326,5
DA:327,5
DA:328,5
DA:329,5
DA:330,0
DA:331,0
DA:332,0
DA:333,5
DA:334,1
DA:335,6
DA:336,6
DA:337,6
DA:338,6
DA:339,6
DA:340,6
DA:341,6
DA:342,0
DA:343,0
DA:344,0
DA:345,6
DA:346,1
DA:347,24
DA:348,24
DA:349,1
DA:350,15
DA:351,15
DA:352,1
DA:353,1
DA:354,1
DA:355,1
DA:356,3
DA:357,3
DA:358,3
DA:359,3
DA:360,3
DA:361,3
DA:362,3
DA:363,6
DA:364,6
DA:365,6
DA:366,3
DA:367,3
DA:368,3
DA:369,3
DA:370,3
DA:371,3
DA:372,3
DA:373,3
DA:374,3
DA:375,2
DA:376,3
DA:377,1
DA:378,1
DA:379,3
DA:380,3
DA:381,2
DA:382,2
DA:383,2
DA:384,2
DA:385,2
DA:386,3
DA:387,3
DA:388,1
DA:389,1
DA:390,1
DA:391,1
DA:392,3
DA:393,3
DA:394,0
DA:395,0
DA:396,0
DA:397,0
DA:398,0
DA:399,0
DA:400,0
DA:401,3
DA:402,3
DA:403,0
DA:404,0
DA:405,0
DA:406,0
DA:407,0
DA:408,0
DA:409,0
DA:410,3
DA:411,3
DA:412,0
DA:413,0
DA:414,0
DA:415,0
DA:416,0
DA:417,0
DA:418,0
DA:419,0
DA:420,0
DA:421,0
DA:422,0
DA:423,0
DA:424,0
DA:425,0
DA:426,0
DA:427,0
DA:428,0
DA:429,0
DA:430,0
DA:431,0
DA:432,0
DA:433,0
DA:434,0
DA:435,0
DA:436,0
DA:437,0
DA:438,0
DA:439,0
DA:440,0
DA:441,0
DA:442,0
DA:443,0
DA:444,0
DA:445,0
DA:446,0
DA:447,0
DA:448,0
DA:449,0
DA:450,3
DA:451,3
DA:452,3
DA:453,1
DA:454,1
DA:455,1
DA:456,1
DA:457,9
DA:458,9
DA:459,1
DA:460,1
DA:461,1
DA:462,1
DA:463,8
DA:464,8
DA:465,8
DA:466,0
DA:467,0
DA:468,1
DA:469,1
DA:470,1
DA:471,49
DA:472,49
DA:473,49
DA:474,49
DA:475,49
DA:476,49
DA:477,1
DA:478,1
DA:479,21
DA:480,21
DA:481,21
DA:482,21
DA:483,21
DA:484,21
DA:485,21
DA:486,21
DA:487,1
DA:488,1
DA:489,2
DA:490,2
DA:491,2
DA:492,2
DA:493,2
DA:494,10
DA:495,10
DA:496,2
DA:497,2
DA:498,1
DA:499,1
DA:500,24
DA:501,24
DA:502,1
DA:503,1
DA:504,1
DA:505,26
DA:506,26
DA:507,26
DA:508,26
DA:509,26
DA:510,26
DA:511,26
DA:512,1
DA:513,1
DA:514,26
DA:515,26
DA:516,1
DA:517,1
DA:518,0
DA:519,0
DA:520,1
DA:521,1
DA:522,0
DA:523,0
DA:524,0
DA:525,0
DA:526,0
DA:527,0
DA:528,0
DA:529,0
DA:530,1
DA:531,1
DA:532,0
DA:533,0
DA:534,1
DA:535,1
DA:536,21
DA:537,15
DA:538,21
DA:539,6
DA:540,6
DA:541,21
DA:542,1
DA:543,1
DA:544,5
DA:545,5
DA:546,1
DA:547,1
DA:548,4
DA:549,4
DA:550,1
DA:551,24
DA:552,24
DA:553,1
DA:554,0
DA:555,0
DA:556,1
DA:557,1
LF:557
LH:377
BRDA:154,0,0,0
BRDA:158,1,0,0
BRDA:18,2,0,5
BRDA:23,3,0,5
BRDA:26,4,0,4
BRDA:50,5,0,5
BRDA:55,6,0,10
BRDA:59,7,0,4
BRDA:62,8,0,3
BRDA:65,9,0,3
BRDA:68,10,0,4
BRDA:157,11,0,9
BRDA:161,12,0,15
BRDA:165,13,0,5
BRDA:168,14,0,3
BRDA:170,15,0,1
BRDA:173,16,0,2
BRDA:175,17,0,4
BRDA:183,18,0,7
BRDA:185,19,0,0
BRDA:190,20,0,3
BRDA:196,21,0,2
BRDA:203,22,0,3
BRDA:206,23,0,1
BRDA:213,24,0,5
BRDA:231,25,0,5
BRDA:232,26,0,0
BRDA:277,27,0,4
BRDA:296,28,0,3
BRDA:303,29,0,3
BRDA:308,30,0,4
BRDA:316,31,0,0
BRDA:321,32,0,5
BRDA:329,33,0,0
BRDA:334,34,0,6
BRDA:341,35,0,0
BRDA:346,36,0,24
BRDA:349,37,0,15
BRDA:355,38,0,3
BRDA:362,39,0,6
BRDA:369,40,0,3
BRDA:374,41,0,2
BRDA:376,42,0,1
BRDA:380,43,0,2
BRDA:387,44,0,1
BRDA:456,45,0,9
BRDA:458,46,0,1
BRDA:463,47,0,8
BRDA:466,48,0,0
BRDA:470,49,0,49
BRDA:478,50,0,21
BRDA:488,51,0,2
BRDA:493,52,0,10
BRDA:499,53,0,24
BRDA:504,54,0,26
BRDA:513,55,0,26
BRDA:535,56,0,21
BRDA:536,57,0,15
BRDA:538,58,0,6
BRDA:543,59,0,5
BRDA:547,60,0,4
BRDA:550,61,0,24
BRDA:557,62,0,4
BRF:63
BRH:55
end_of_record
TN:
SF:packages/tokens/tokens.ts
FN:18,getTokenKind
FN:25,getTokenId
FN:56,TokenAmount
FN:61,get asNativeBalance
FN:74,TokenPair
FN:75,get reverse
FN:78,fromName
FN:100,TokenPairAmount
FN:105,get reverse
FN:109,get asNativeBalance
FN:126,Snip20
FN:128,fromDescriptor
FN:136,get asDescriptor
FN:150,populate
FN:160,getTokenInfo
FN:166,getBalance
FN:176,checkAllowance
FN:181,changeAdmin
FN:186,setMinters
FN:191,addMinters
FN:198,mint
FN:210,getAllowance
FN:217,increaseAllowance
FN:231,decreaseAllowance
FN:241,transfer
FN:252,send
FN:284,createPermitMsg
FNF:27
FNH:0
FNDA:0,getTokenKind
FNDA:0,getTokenId
FNDA:0,TokenAmount
FNDA:0,get asNativeBalance
FNDA:0,TokenPair
FNDA:0,get reverse
FNDA:0,fromName
FNDA:0,TokenPairAmount
FNDA:0,get reverse
FNDA:0,get asNativeBalance
FNDA:0,Snip20
FNDA:0,fromDescriptor
FNDA:0,get asDescriptor
FNDA:0,populate
FNDA:0,getTokenInfo
FNDA:0,getBalance
FNDA:0,checkAllowance
FNDA:0,changeAdmin
FNDA:0,setMinters
FNDA:0,addMinters
FNDA:0,mint
FNDA:0,getAllowance
FNDA:0,increaseAllowance
FNDA:0,decreaseAllowance
FNDA:0,transfer
FNDA:0,send
FNDA:0,createPermitMsg
DA:1,1
DA:2,1
DA:3,1
DA:4,1
DA:5,1
DA:6,1
DA:7,1
DA:8,1
DA:9,1
DA:10,1
DA:11,1
DA:12,1
DA:13,1
DA:14,1
DA:15,1
DA:16,1
DA:17,1
DA:18,1
DA:19,0
DA:20,0
DA:21,1
DA:22,1
DA:23,1
DA:24,1
DA:25,1
DA:26,0
DA:27,0
DA:28,0
DA:29,0
DA:30,0
DA:31,0
DA:32,0
DA:33,0
DA:34,0
DA:35,1
DA:36,1
DA:37,1
DA:38,1
DA:39,1
DA:40,1
DA:41,1
DA:42,1
DA:43,1
DA:44,1
DA:45,1
DA:46,1
DA:47,1
DA:48,1
DA:49,1
DA:50,1
DA:51,1
DA:52,1
DA:53,1
DA:54,1
DA:55,1
DA:56,1
DA:57,0
DA:58,0
DA:59,0
DA:60,1
DA:61,1
DA:62,0
DA:63,0
DA:64,0
DA:65,0
DA:66,0
DA:67,0
DA:68,0
DA:69,0
DA:70,1
DA:71,1
DA:72,1
DA:73,1
DA:74,1
DA:75,1
DA:76,0
DA:77,0
DA:78,1
DA:79,0
DA:80,0
DA:81,0
DA:82,0
DA:83,0
DA:84,0
DA:85,0
DA:86,0
DA:87,0
DA:88,0
DA:89,0
DA:90,0
DA:91,0
DA:92,0
DA:93,0
DA:94,0
DA:95,0
DA:96,1
DA:97,1
DA:98,1
DA:99,1
DA:100,1
DA:101,0
DA:102,0
DA:103,0
DA:104,0
DA:105,1
DA:106,0
DA:107,0
DA:108,1
DA:109,1
DA:110,0
DA:111,0
DA:112,0
DA:113,0
DA:114,0
DA:115,0
DA:116,0
DA:117,0
DA:118,0
DA:119,0
DA:120,0
DA:121,0
DA:122,1
DA:123,1
DA:124,1
DA:125,1
DA:126,0
DA:127,0
DA:128,0
DA:129,0
DA:130,0
DA:131,0
DA:132,0
DA:133,0
DA:134,0
DA:135,0
DA:136,0
DA:137,0
DA:138,0
DA:139,0
DA:140,0
DA:141,0
DA:142,0
DA:143,0
DA:144,0
DA:145,0
DA:146,0
DA:147,0
DA:148,0
DA:149,0
DA:150,0
DA:151,0
DA:152,0
DA:153,0
DA:154,0
DA:155,0
DA:156,0
DA:157,0
DA:158,0
DA:159,0
DA:160,0
DA:161,0
DA:162,0
DA:163,0
DA:164,0
DA:165,0
DA:166,0
DA:167,0
DA:168,0
DA:169,0
DA:170,0
DA:171,0
DA:172,0
DA:173,0
DA:174,0
DA:175,0
DA:176,0
DA:177,0
DA:178,0
DA:179,0
DA:180,0
DA:181,0
DA:182,0
DA:183,0
DA:184,0
DA:185,0
DA:186,0
DA:187,0
DA:188,0
DA:189,0
DA:190,0
DA:191,0
DA:192,0
DA:193,0
DA:194,0
DA:195,0
DA:196,0
DA:197,0
DA:198,0
DA:199,0
DA:200,0
DA:201,0
DA:202,0
DA:203,0
DA:204,0
DA:205,0
DA:206,0
DA:207,0
DA:208,0
DA:209,0
DA:210,0
DA:211,0
DA:212,0
DA:213,0
DA:214,0
DA:215,0
DA:216,0
DA:217,0
DA:218,0
DA:219,0
DA:220,0
DA:221,0
DA:222,0
DA:223,0
DA:224,0
DA:225,0
DA:226,0
DA:227,0
DA:228,0
DA:229,0
DA:230,0
DA:231,0
DA:232,0
DA:233,0
DA:234,0
DA:235,0
DA:236,0
DA:237,0
DA:238,0
DA:239,0
DA:240,0
DA:241,0
DA:242,0
DA:243,0
DA:244,0
DA:245,0
DA:246,0
DA:247,0
DA:248,0
DA:249,0
DA:250,0
DA:251,0
DA:252,0
DA:253,0
DA:254,0
DA:255,0
DA:256,0
DA:257,0
DA:258,0
DA:259,0
DA:260,0
DA:261,0
DA:262,0
DA:263,0
DA:264,0
DA:265,1
DA:266,1
DA:267,1
DA:268,1
DA:269,1
DA:270,1
DA:271,1
DA:272,1
DA:273,1
DA:274,1
DA:275,1
DA:276,1
DA:277,1
DA:278,1
DA:279,1
DA:280,1
DA:281,1
DA:282,1
DA:283,1
DA:284,1
DA:285,0
DA:286,0
DA:287,0
DA:288,0
DA:289,0
LF:289
LH:86
BRDA:12,0,0,1
BRF:1
BRH:1
end_of_record
