TN:
SF:packages/build/build.ts
FN:71,BuildLogger
FN:72,CargoToml
FN:75,BuildScript
FN:78,BuildOne
FN:90,BuildMany
FN:101,Workspace
FN:109,getBuilder
FN:131,getBuildContext
FN:155,BuildTask
FN:164,subtask
FN:186,Builder
FN:191,buildMany
FN:216,CachingBuilder
FN:222,prebuild
FN:235,artifactName
FN:237,sanitize
FN:239,codeHashForPath
FN:241,codeHashForBlob
FN:250,distinct
FN:256,DockerBuilder
FN:284,build
FN:291,buildMany
FN:360,runBuildContainer
FN:504,RawBuilder
FN:506,build
FN:513,buildMany
FN:592,buildFromCargoToml
FN:614,buildFromBuildScript
FN:657,listBuildSets
FN:681,Source
FN:685,build
FN:688,at
FN:696,Workspace
FN:703,at
FN:708,crate
FN:716,crates
FN:726,DotGit
FN:763,get rootRepo
FN:766,get submoduleDir
FN:787,printUsage
FN:796,buildFromDirectory
FN:806,buildFromFile
FNF:42
FNH:23
FNDA:3,BuildLogger
FNDA:0,CargoToml
FNDA:0,BuildScript
FNDA:3,BuildOne
FNDA:0,BuildMany
FNDA:0,Workspace
FNDA:5,getBuilder
FNDA:0,getBuildContext
FNDA:0,BuildTask
FNDA:0,subtask
FNDA:8,Builder
FNDA:2,buildMany
FNDA:6,CachingBuilder
FNDA:8,prebuild
FNDA:14,artifactName
FNDA:21,sanitize
FNDA:0,codeHashForPath
FNDA:0,codeHashForBlob
FNDA:4,distinct
FNDA:3,DockerBuilder
FNDA:1,build
FNDA:2,buildMany
FNDA:2,runBuildContainer
FNDA:2,RawBuilder
FNDA:1,build
FNDA:2,buildMany
FNDA:0,buildFromCargoToml
FNDA:0,buildFromBuildScript
FNDA:0,listBuildSets
FNDA:5,Source
FNDA:0,build
FNDA:0,at
FNDA:3,Workspace
FNDA:1,at
FNDA:5,crate
FNDA:1,crates
FNDA:2,DotGit
FNDA:0,get rootRepo
FNDA:0,get submoduleDir
FNDA:0,printUsage
FNDA:0,buildFromDirectory
FNDA:0,buildFromFile
DA:1,1
DA:2,1
DA:3,1
DA:4,1
DA:5,1
DA:6,1
DA:7,1
DA:8,1
DA:9,1
DA:10,1
DA:11,1
DA:12,1
DA:13,1
DA:14,1
DA:15,1
DA:16,1
DA:17,1
DA:18,1
DA:19,1
DA:20,1
DA:21,1
DA:22,1
DA:23,1
DA:24,1
DA:25,1
DA:26,1
DA:27,1
DA:28,1
DA:29,1
DA:30,1
DA:31,1
DA:32,1
DA:33,1
DA:34,1
DA:35,1
DA:36,1
DA:37,1
DA:38,1
DA:39,1
DA:40,1
DA:41,1
DA:42,3
DA:43,3
DA:44,3
DA:45,3
DA:46,3
DA:47,3
DA:48,3
DA:49,3
DA:50,1
DA:51,1
DA:52,1
DA:53,1
DA:54,1
DA:55,1
DA:56,1
DA:57,1
DA:58,1
DA:59,1
DA:60,1
DA:61,1
DA:62,1
DA:63,1
DA:64,1
DA:65,1
DA:66,1
DA:67,1
DA:68,1
DA:69,1
DA:70,1
DA:71,1
DA:72,3
DA:73,0
DA:74,3
DA:75,3
DA:76,0
DA:77,3
DA:78,3
DA:79,3
DA:80,0
DA:81,3
DA:82,3
DA:83,3
DA:84,3
DA:85,3
DA:86,0
DA:87,0
DA:88,3
DA:89,3
DA:90,3
DA:91,0
DA:92,0
DA:93,0
DA:94,0
DA:95,0
DA:96,0
DA:97,0
DA:98,0
DA:99,0
DA:100,3
DA:101,3
DA:102,0
DA:103,0
DA:104,0
DA:105,0
DA:106,0
DA:107,3
DA:108,1
DA:109,1
DA:110,5
DA:111,2
DA:112,5
DA:113,3
DA:114,3
DA:115,5
DA:116,1
DA:117,1
DA:118,1
DA:119,1
DA:120,1
DA:121,1
DA:122,1
DA:123,1
DA:124,1
DA:125,1
DA:126,1
DA:127,1
DA:128,1
DA:129,1
DA:130,1
DA:131,1
DA:132,0
DA:133,0
DA:134,0
DA:135,0
DA:136,0
DA:137,0
DA:138,0
DA:139,0
DA:140,0
DA:141,0
DA:142,0
DA:143,0
DA:144,0
DA:145,0
DA:146,0
DA:147,0
DA:148,0
DA:149,0
DA:150,0
DA:151,0
DA:152,0
DA:153,1
DA:154,1
DA:155,1
DA:156,0
DA:157,0
DA:158,0
DA:159,0
DA:160,0
DA:161,0
DA:162,0
DA:163,0
DA:164,1
DA:165,0
DA:166,0
DA:167,0
DA:168,0
DA:169,0
DA:170,0
DA:171,0
DA:172,0
DA:173,1
DA:174,1
DA:175,1
DA:176,1
DA:177,1
DA:178,1
DA:179,1
DA:180,1
DA:181,1
DA:182,1
DA:183,1
DA:184,1
DA:185,1
DA:186,1
DA:187,8
DA:188,8
DA:189,8
DA:190,8
DA:191,1
DA:192,2
DA:193,2
DA:194,1
DA:195,1
DA:196,1
DA:197,1
DA:198,1
DA:199,1
DA:200,1
DA:201,1
DA:202,1
DA:203,1
DA:204,1
DA:205,1
DA:206,1
DA:207,1
DA:208,1
DA:209,1
DA:210,1
DA:211,1
DA:212,1
DA:213,1
DA:214,1
DA:215,1
DA:216,1
DA:217,6
DA:218,6
DA:219,6
DA:220,1
DA:221,1
DA:222,1
DA:223,8
DA:224,0
DA:225,0
DA:226,8
DA:227,8
DA:228,0
DA:229,0
DA:230,7
DA:231,7
DA:232,1
DA:233,1
DA:234,1
DA:235,1
DA:236,1
DA:237,1
DA:238,1
DA:239,1
DA:240,1
DA:241,1
DA:242,1
DA:243,1
DA:244,1
DA:245,1
DA:246,1
DA:247,1
DA:248,1
DA:249,1
DA:250,1
DA:251,1
DA:252,1
DA:253,1
DA:254,1
DA:255,1
DA:256,1
DA:257,3
DA:258,3
DA:259,3
DA:260,0
DA:261,3
DA:262,1
DA:263,1
DA:264,3
DA:265,0
DA:266,3
DA:267,3
DA:268,3
DA:269,0
DA:270,0
DA:271,3
DA:272,3
DA:273,3
DA:274,3
DA:275,1
DA:276,1
DA:277,1
DA:278,1
DA:279,1
DA:280,1
DA:281,1
DA:282,1
DA:283,1
DA:284,1
DA:285,1
DA:286,1
DA:287,1
DA:288,1
DA:289,1
DA:290,1
DA:291,1
DA:292,2
DA:293,2
DA:294,2
DA:295,2
DA:296,3
DA:297,3
DA:298,3
DA:299,3
DA:300,2
DA:301,2
DA:302,2
DA:303,3
DA:304,3
DA:305,3
DA:306,0
DA:307,0
DA:308,0
DA:309,3
DA:310,2
DA:311,2
DA:312,2
DA:313,2
DA:314,2
DA:315,2
DA:316,2
DA:317,2
DA:318,2
DA:319,2
DA:320,2
DA:321,2
DA:322,2
DA:323,0
DA:324,0
DA:325,0
DA:326,0
DA:327,0
DA:328,2
DA:329,2
DA:330,2
DA:331,2
DA:332,2
DA:333,3
DA:334,3
DA:335,3
DA:336,3
DA:337,3
DA:338,2
DA:339,2
DA:340,2
DA:341,2
DA:342,2
DA:343,2
DA:344,2
DA:345,2
DA:346,2
DA:347,2
DA:348,2
DA:349,3
DA:350,3
DA:351,3
DA:352,3
DA:353,3
DA:354,3
DA:355,3
DA:356,2
DA:357,2
DA:358,2
DA:359,2
DA:360,1
DA:361,2
DA:362,2
DA:363,2
DA:364,2
DA:365,2
DA:366,2
DA:367,2
DA:368,2
DA:369,2
DA:370,2
DA:371,2
DA:372,2
DA:373,2
DA:374,2
DA:375,2
DA:376,3
DA:377,3
DA:378,0
DA:379,0
DA:380,0
DA:381,3
DA:382,3
DA:383,3
DA:384,3
DA:385,2
DA:386,2
DA:387,0
DA:388,0
DA:389,2
DA:390,2
DA:391,2
DA:392,2
DA:393,2
DA:394,2
DA:395,2
DA:396,2
DA:397,2
DA:398,2
DA:399,2
DA:400,2
DA:401,2
DA:402,2
DA:403,2
DA:404,2
DA:405,2
DA:406,2
DA:407,2
DA:408,2
DA:409,2
DA:410,2
DA:411,2
DA:412,2
DA:413,2
DA:414,2
DA:415,2
DA:416,2
DA:417,2
DA:418,0
DA:419,0
DA:420,0
DA:421,0
DA:422,0
DA:423,0
DA:424,0
DA:425,0
DA:426,0
DA:427,0
DA:428,2
DA:429,2
DA:430,2
DA:431,2
DA:432,2
DA:433,2
DA:434,2
DA:435,2
DA:436,2
DA:437,2
DA:438,2
DA:439,2
DA:440,2
DA:441,2
DA:442,2
DA:443,2
DA:444,2
DA:445,2
DA:446,2
DA:447,2
DA:448,2
DA:449,3
DA:450,3
DA:451,2
DA:452,2
DA:453,2
DA:454,2
DA:455,2
DA:456,2
DA:457,2
DA:458,2
DA:459,2
DA:460,2
DA:461,2
DA:462,2
DA:463,2
DA:464,2
DA:465,2
DA:466,2
DA:467,2
DA:468,2
DA:469,2
DA:470,2
DA:471,2
DA:472,2
DA:473,2
DA:474,2
DA:475,2
DA:476,2
DA:477,2
DA:478,0
DA:479,0
DA:480,2
DA:481,2
DA:482,0
DA:483,0
DA:484,0
DA:485,0
DA:486,0
DA:487,0
DA:488,0
DA:489,0
DA:490,0
DA:491,2
DA:492,2
DA:493,3
DA:494,0
DA:495,3
DA:496,3
DA:497,3
DA:498,2
DA:499,2
DA:500,1
DA:501,1
DA:502,1
DA:503,1
DA:504,2
DA:505,2
DA:506,2
DA:507,1
DA:508,1
DA:509,2
DA:510,2
DA:511,2
DA:512,2
DA:513,2
DA:514,2
DA:515,2
DA:516,3
DA:517,3
DA:518,3
DA:519,3
DA:520,3
DA:521,3
DA:522,3
DA:523,3
DA:524,3
DA:525,3
DA:526,3
DA:527,3
DA:528,3
DA:529,0
DA:530,0
DA:531,0
DA:532,0
DA:533,0
DA:534,0
DA:535,0
DA:536,0
DA:537,0
DA:538,0
DA:539,0
DA:540,0
DA:541,0
DA:542,0
DA:543,0
DA:544,0
DA:545,0
DA:546,0
DA:547,0
DA:548,3
DA:549,3
DA:550,3
DA:551,3
DA:552,3
DA:553,3
DA:554,3
DA:555,3
DA:556,3
DA:557,3
DA:558,3
DA:559,3
DA:560,3
DA:561,3
DA:562,3
DA:563,3
DA:564,0
DA:565,0
DA:566,0
DA:567,0
DA:568,0
DA:569,0
DA:570,0
DA:571,0
DA:572,0
DA:573,3
DA:574,3
DA:575,3
DA:576,3
DA:577,3
DA:578,3
DA:579,3
DA:580,3
DA:581,3
DA:582,3
DA:583,3
DA:584,2
DA:585,2
DA:586,2
DA:587,2
DA:588,2
DA:589,1
DA:590,1
DA:591,1
DA:592,1
DA:593,0
DA:594,0
DA:595,0
DA:596,0
DA:597,0
DA:598,0
DA:599,0
DA:600,0
DA:601,0
DA:602,0
DA:603,0
DA:604,0
DA:605,0
DA:606,0
DA:607,0
DA:608,0
DA:609,0
DA:610,0
DA:611,0
DA:612,0
DA:613,1
DA:614,1
DA:615,0
DA:616,0
DA:617,0
DA:618,0
DA:619,0
DA:620,0
DA:621,0
DA:622,0
DA:623,0
DA:624,0
DA:625,0
DA:626,0
DA:627,0
DA:628,0
DA:629,0
DA:630,0
DA:631,0
DA:632,0
DA:633,0
DA:634,0
DA:635,0
DA:636,0
DA:637,0
DA:638,0
DA:639,0
DA:640,0
DA:641,0
DA:642,0
DA:643,0
DA:644,0
DA:645,0
DA:646,0
DA:647,0
DA:648,0
DA:649,0
DA:650,0
DA:651,0
DA:652,0
DA:653,0
DA:654,0
DA:655,0
DA:656,1
DA:657,1
DA:658,0
DA:659,0
DA:660,0
DA:661,0
DA:662,0
DA:663,0
DA:664,0
DA:665,0
DA:666,0
DA:667,1
DA:668,1
DA:669,1
DA:670,1
DA:671,1
DA:672,1
DA:673,1
DA:674,1
DA:675,1
DA:676,1
DA:677,1
DA:678,1
DA:679,1
DA:680,1
DA:681,1
DA:682,5
DA:683,5
DA:684,5
DA:685,1
DA:686,0
DA:687,0
DA:688,1
DA:689,0
DA:690,0
DA:691,0
DA:692,1
DA:693,1
DA:694,1
DA:695,1
DA:696,1
DA:697,3
DA:698,3
DA:699,3
DA:700,3
DA:701,1
DA:702,1
DA:703,1
DA:704,1
DA:705,1
DA:706,1
DA:707,1
DA:708,1
DA:709,5
DA:710,0
DA:711,0
DA:712,0
DA:713,5
DA:714,5
DA:715,1
DA:716,1
DA:717,1
DA:718,1
DA:719,1
DA:720,1
DA:721,1
DA:722,1
DA:723,1
DA:724,1
DA:725,1
DA:726,1
DA:727,2
DA:728,2
DA:729,2
DA:730,2
DA:731,2
DA:732,2
DA:733,0
DA:734,0
DA:735,0
DA:736,0
DA:737,0
DA:738,0
DA:739,0
DA:740,0
DA:741,0
DA:742,0
DA:743,0
DA:744,0
DA:745,0
DA:746,0
DA:747,0
DA:748,0
DA:749,0
DA:750,0
DA:751,0
DA:752,0
DA:753,0
DA:754,0
DA:755,0
DA:756,0
DA:757,0
DA:758,0
DA:759,0
DA:760,2
DA:761,1
DA:762,1
DA:763,1
DA:764,0
DA:765,0
DA:766,1
DA:767,0
DA:768,0
DA:769,1
DA:770,1
DA:771,1
DA:772,1
DA:773,1
DA:774,1
DA:775,0
DA:776,0
DA:777,0
DA:778,0
DA:779,0
DA:780,0
DA:781,0
DA:782,0
DA:783,0
DA:784,0
DA:785,0
DA:786,1
DA:787,1
DA:788,0
DA:789,0
DA:790,0
DA:791,0
DA:792,0
DA:793,0
DA:794,0
DA:795,1
DA:796,1
DA:797,0
DA:798,0
DA:799,0
DA:800,0
DA:801,0
DA:802,0
DA:803,0
DA:804,0
DA:805,1
DA:806,1
DA:807,0
DA:808,0
DA:809,0
DA:810,0
DA:811,0
DA:812,0
DA:813,0
DA:814,0
DA:815,0
DA:816,0
DA:817,0
LF:817
LH:544
BRDA:774,0,0,0
BRDA:41,1,0,3
BRDA:42,2,0,3
BRDA:43,3,0,3
BRDA:44,4,0,3
BRDA:45,5,0,3
BRDA:46,6,0,3
BRDA:47,7,0,3
BRDA:48,8,0,3
BRDA:49,9,0,3
BRDA:71,10,0,3
BRDA:78,11,0,3
BRDA:79,12,0,0
BRDA:85,13,0,0
BRDA:109,14,0,5
BRDA:110,15,0,2
BRDA:112,16,0,3
BRDA:186,17,0,8
BRDA:187,18,0,6
BRDA:189,19,0,6
BRDA:191,20,0,2
BRDA:192,21,0,5
BRDA:216,22,0,6
BRDA:218,23,0,1
BRDA:222,24,0,8
BRDA:223,25,0,0
BRDA:227,26,0,0
BRDA:230,27,0,7
BRDA:235,28,0,14
BRDA:237,29,0,21
BRDA:250,30,0,4
BRDA:256,31,0,3
BRDA:259,32,0,0
BRDA:261,33,0,1
BRDA:264,34,0,0
BRDA:268,35,0,0
BRDA:273,36,0,0
BRDA:284,37,0,1
BRDA:291,38,0,2
BRDA:295,39,0,3
BRDA:302,40,0,3
BRDA:305,41,0,0
BRDA:305,42,0,0
BRDA:321,43,0,0
BRDA:322,44,0,0
BRDA:332,45,0,3
BRDA:345,46,0,0
BRDA:348,47,0,3
BRDA:294,48,0,3
BRDA:294,49,0,3
BRDA:313,50,0,3
BRDA:314,51,0,3
BRDA:360,52,0,2
BRDA:375,53,0,3
BRDA:377,54,0,0
BRDA:386,55,0,0
BRDA:400,56,0,0
BRDA:401,57,0,0
BRDA:404,58,0,0
BRDA:417,59,0,0
BRDA:448,60,0,3
BRDA:477,61,0,0
BRDA:481,62,0,0
BRDA:371,63,0,3
BRDA:447,64,0,3
BRDA:492,65,0,3
BRDA:493,66,0,0
BRDA:504,67,0,2
BRDA:506,68,0,1
BRDA:513,69,0,2
BRDA:515,70,0,3
BRDA:528,71,0,0
BRDA:528,72,0,0
BRDA:581,73,0,0
BRDA:581,74,0,0
BRDA:582,75,0,0
BRDA:582,76,0,0
BRDA:558,77,0,3
BRDA:559,78,0,3
BRDA:563,79,0,0
BRDA:681,80,0,5
BRDA:696,81,0,3
BRDA:703,82,0,1
BRDA:708,83,0,5
BRDA:709,84,0,0
BRDA:716,85,0,1
BRDA:717,86,0,2
BRDA:726,87,0,2
BRDA:732,88,0,0
BRF:89
BRH:57
end_of_record
TN:
SF:packages/client/client.ts
FN:18,Artifact
FN:27,build
FN:31,upload
FN:57,Template
FN:72,instantiate
FN:96,ContractLink
FN:89,ContractLink.fromInstance
FN:105,Client
FN:136,get chain
FN:144,get asLink
FN:154,getFee
FN:168,query
FN:173,execute
FN:181,populate
FN:188,fetchLabel
FN:195,fetchCodeId
FN:202,fetchCodeHash
FN:211,withFee
FN:220,as
FN:225,assertOperational
FN:235,assertCorrect
FN:312,Coin
FN:327,Fee
FN:345,Chain
FN:378,get isMainnet
FN:380,get isTestnet
FN:382,get isDevnet
FN:384,get isMocknet
FN:386,get chain
FN:397,checkHash
FN:417,get nextBlock
FN:436,getAgent
FN:474,Agent
FN:470,create
FN:488,get defaultDenom
FN:490,getBalance
FN:498,get balance
FN:500,get height
FN:502,get nextBlock
FN:503,getCodeId
FN:504,getLabel
FN:505,getHash
FN:506,checkHash
FN:509,getClient
FN:517,query
FN:523,uploadMany
FN:527,instantiateMany
FN:537,bundle
FN:567,Bundle
FN:570,bundle
FN:574,get chain
FN:575,get address
FN:576,get name
FN:577,get fees
FN:578,get defaultDenom
FN:579,getCodeId
FN:580,getLabel
FN:581,getHash
FN:582,checkHash
FN:585,get balance
FN:589,getBalance
FN:593,get height
FN:596,get nextBlock
FN:599,send
FN:602,sendMany
FN:605,instantiate
FN:621,instantiateMany
FN:627,execute
FN:643,query
FN:650,upload
FN:657,uploadMany
FN:660,getClient
FN:667,add
FN:672,wrap
FN:680,run
FN:694,assertCanSubmit
FNF:76
FNH:21
FNDA:10,Artifact
FNDA:0,build
FNDA:0,upload
FNDA:4,Template
FNDA:0,instantiate
FNDA:0,ContractLink
FNDA:0,ContractLink.fromInstance
FNDA:5,Client
FNDA:0,get chain
FNDA:0,get asLink
FNDA:3,getFee
FNDA:4,query
FNDA:3,execute
FNDA:0,populate
FNDA:0,fetchLabel
FNDA:0,fetchCodeId
FNDA:0,fetchCodeHash
FNDA:0,withFee
FNDA:0,as
FNDA:7,assertOperational
FNDA:0,assertCorrect
FNDA:0,Coin
FNDA:4,Fee
FNDA:12,Chain
FNDA:5,get isMainnet
FNDA:3,get isTestnet
FNDA:5,get isDevnet
FNDA:3,get isMocknet
FNDA:0,get chain
FNDA:0,checkHash
FNDA:0,get nextBlock
FNDA:2,getAgent
FNDA:14,Agent
FNDA:2,create
FNDA:0,get defaultDenom
FNDA:0,getBalance
FNDA:1,get balance
FNDA:0,get height
FNDA:0,get nextBlock
FNDA:0,getCodeId
FNDA:0,getLabel
FNDA:0,getHash
FNDA:0,checkHash
FNDA:3,getClient
FNDA:0,query
FNDA:0,uploadMany
FNDA:2,instantiateMany
FNDA:1,bundle
FNDA:1,Bundle
FNDA:0,bundle
FNDA:0,get chain
FNDA:0,get address
FNDA:0,get name
FNDA:0,get fees
FNDA:0,get defaultDenom
FNDA:0,getCodeId
FNDA:0,getLabel
FNDA:0,getHash
FNDA:0,checkHash
FNDA:0,get balance
FNDA:0,getBalance
FNDA:0,get height
FNDA:0,get nextBlock
FNDA:0,send
FNDA:0,sendMany
FNDA:0,instantiate
FNDA:0,instantiateMany
FNDA:0,execute
FNDA:0,query
FNDA:0,upload
FNDA:0,uploadMany
FNDA:0,getClient
FNDA:0,add
FNDA:0,wrap
FNDA:0,run
FNDA:0,assertCanSubmit
DA:1,1
DA:2,1
DA:3,1
DA:4,1
DA:5,1
DA:6,1
DA:7,1
DA:8,1
DA:9,1
DA:10,1
DA:11,1
DA:12,1
DA:13,1
DA:14,1
DA:15,1
DA:16,1
DA:17,1
DA:18,1
DA:19,10
DA:20,10
DA:21,10
DA:22,10
DA:23,10
DA:24,10
DA:25,10
DA:26,1
DA:27,1
DA:28,0
DA:29,0
DA:30,0
DA:31,1
DA:32,0
DA:33,0
DA:34,1
DA:35,1
DA:36,1
DA:37,1
DA:38,1
DA:39,1
DA:40,1
DA:41,1
DA:42,1
DA:43,1
DA:44,1
DA:45,1
DA:46,1
DA:47,1
DA:48,1
DA:49,1
DA:50,1
DA:51,1
DA:52,1
DA:53,1
DA:54,1
DA:55,1
DA:56,1
DA:57,1
DA:58,4
DA:59,4
DA:60,4
DA:61,4
DA:62,4
DA:63,4
DA:64,4
DA:65,0
DA:66,0
DA:67,0
DA:68,0
DA:69,0
DA:70,4
DA:71,4
DA:72,1
DA:73,0
DA:74,0
DA:75,1
DA:76,1
DA:77,1
DA:78,1
DA:79,1
DA:80,1
DA:81,1
DA:82,1
DA:83,1
DA:84,1
DA:85,1
DA:86,1
DA:87,1
DA:88,1
DA:89,1
DA:90,0
DA:91,0
DA:92,0
DA:93,0
DA:94,0
DA:95,1
DA:96,1
DA:97,0
DA:98,0
DA:99,0
DA:100,1
DA:101,1
DA:102,1
DA:103,1
DA:104,1
DA:105,1
DA:106,5
DA:107,5
DA:108,5
DA:109,5
DA:110,5
DA:111,5
DA:112,0
DA:113,0
DA:114,5
DA:115,0
DA:116,0
DA:117,5
DA:118,5
DA:119,5
DA:120,1
DA:121,1
DA:122,5
DA:123,5
DA:124,5
DA:125,5
DA:126,1
DA:127,1
DA:128,5
DA:129,5
DA:130,5
DA:131,5
DA:132,5
DA:133,1
DA:134,1
DA:135,1
DA:136,1
DA:137,1
DA:138,1
DA:139,1
DA:140,1
DA:141,1
DA:142,1
DA:143,1
DA:144,1
DA:145,0
DA:146,0
DA:147,1
DA:148,1
DA:149,1
DA:150,1
DA:151,1
DA:152,1
DA:153,1
DA:154,1
DA:155,3
DA:156,3
DA:157,2
DA:158,3
DA:159,1
DA:160,1
DA:161,0
DA:162,0
DA:163,1
DA:164,1
DA:165,0
DA:166,3
DA:167,1
DA:168,1
DA:169,4
DA:170,4
DA:171,4
DA:172,1
DA:173,1
DA:174,3
DA:175,3
DA:176,3
DA:177,3
DA:178,1
DA:179,1
DA:180,1
DA:181,1
DA:182,0
DA:183,0
DA:184,0
DA:185,0
DA:186,0
DA:187,0
DA:188,1
DA:189,0
DA:190,0
DA:191,0
DA:192,0
DA:193,0
DA:194,0
DA:195,1
DA:196,0
DA:197,0
DA:198,0
DA:199,0
DA:200,0
DA:201,0
DA:202,1
DA:203,0
DA:204,0
DA:205,0
DA:206,0
DA:207,0
DA:208,0
DA:209,1
DA:210,1
DA:211,1
DA:212,0
DA:213,0
DA:214,0
DA:215,0
DA:216,0
DA:217,0
DA:218,0
DA:219,1
DA:220,1
DA:221,0
DA:222,0
DA:223,0
DA:224,1
DA:225,1
DA:226,7
DA:227,7
DA:228,0
DA:229,0
DA:230,7
DA:231,0
DA:232,0
DA:233,7
DA:234,1
DA:235,1
DA:236,0
DA:237,0
DA:238,0
DA:239,0
DA:240,0
DA:241,1
DA:242,1
DA:243,1
DA:244,1
DA:245,1
DA:246,1
DA:247,1
DA:248,1
DA:249,1
DA:250,1
DA:251,1
DA:252,1
DA:253,1
DA:254,1
DA:255,1
DA:256,1
DA:257,1
DA:258,1
DA:259,1
DA:260,1
DA:261,1
DA:262,1
DA:263,1
DA:264,1
DA:265,1
DA:266,1
DA:267,1
DA:268,1
DA:269,1
DA:270,1
DA:271,1
DA:272,1
DA:273,1
DA:274,1
DA:275,1
DA:276,1
DA:277,1
DA:278,1
DA:279,1
DA:280,1
DA:281,1
DA:282,1
DA:283,1
DA:284,1
DA:285,1
DA:286,1
DA:287,1
DA:288,1
DA:289,1
DA:290,1
DA:291,1
DA:292,1
DA:293,1
DA:294,1
DA:295,1
DA:296,1
DA:297,1
DA:298,1
DA:299,1
DA:300,1
DA:301,1
DA:302,1
DA:303,1
DA:304,1
DA:305,1
DA:306,1
DA:307,1
DA:308,1
DA:309,1
DA:310,1
DA:311,1
DA:312,1
DA:313,0
DA:314,0
DA:315,0
DA:316,0
DA:317,0
DA:318,1
DA:319,1
DA:320,1
DA:321,1
DA:322,1
DA:323,1
DA:324,1
DA:325,1
DA:326,1
DA:327,1
DA:328,4
DA:329,4
DA:330,4
DA:331,4
DA:332,4
DA:333,4
DA:334,1
DA:335,1
DA:336,1
DA:337,1
DA:338,1
DA:339,1
DA:340,1
DA:341,1
DA:342,1
DA:343,1
DA:344,1
DA:345,1
DA:346,12
DA:347,12
DA:348,12
DA:349,12
DA:350,0
DA:351,0
DA:352,12
DA:353,12
DA:354,12
DA:355,1
DA:356,1
DA:357,12
DA:358,1
DA:359,1
DA:360,1
DA:361,1
DA:362,1
DA:363,1
DA:364,1
DA:365,1
DA:366,1
DA:367,1
DA:368,1
DA:369,0
DA:370,0
DA:371,1
DA:372,12
DA:373,1
DA:374,1
DA:375,1
DA:376,1
DA:377,1
DA:378,1
DA:379,1
DA:380,1
DA:381,1
DA:382,1
DA:383,1
DA:384,1
DA:385,1
DA:386,1
DA:387,1
DA:388,1
DA:389,1
DA:390,1
DA:391,1
DA:392,1
DA:393,1
DA:394,1
DA:395,1
DA:396,1
DA:397,1
DA:398,0
DA:399,0
DA:400,0
DA:401,0
DA:402,0
DA:403,0
DA:404,0
DA:405,0
DA:406,0
DA:407,0
DA:408,0
DA:409,0
DA:410,0
DA:411,0
DA:412,0
DA:413,0
DA:414,0
DA:415,0
DA:416,1
DA:417,1
DA:418,0
DA:419,0
DA:420,0
DA:421,0
DA:422,0
DA:423,0
DA:424,0
DA:425,0
DA:426,0
DA:427,0
DA:428,0
DA:429,0
DA:430,0
DA:431,0
DA:432,0
DA:433,0
DA:434,0
DA:435,1
DA:436,1
DA:437,2
DA:438,2
DA:439,2
DA:440,2
DA:441,2
DA:442,1
DA:443,1
DA:444,1
DA:445,0
DA:446,0
DA:447,1
DA:448,2
DA:449,2
DA:450,2
DA:451,1
DA:452,1
DA:453,1
DA:454,1
DA:455,1
DA:456,1
DA:457,1
DA:458,1
DA:459,1
DA:460,1
DA:461,1
DA:462,1
DA:463,1
DA:464,1
DA:465,1
DA:466,1
DA:467,1
DA:468,1
DA:469,1
DA:470,1
DA:471,2
DA:472,2
DA:473,2
DA:474,1
DA:475,14
DA:476,14
DA:477,14
DA:478,14
DA:479,14
DA:480,1
DA:481,1
DA:482,1
DA:483,1
DA:484,1
DA:485,1
DA:486,1
DA:487,1
DA:488,1
DA:489,1
DA:490,1
DA:491,0
DA:492,0
DA:493,0
DA:494,0
DA:495,0
DA:496,0
DA:497,1
DA:498,1
DA:499,1
DA:500,1
DA:501,1
DA:502,1
DA:503,1
DA:504,1
DA:505,1
DA:506,1
DA:507,0
DA:508,0
DA:509,1
DA:510,3
DA:511,3
DA:512,3
DA:513,3
DA:514,3
DA:515,3
DA:516,3
DA:517,1
DA:518,0
DA:519,0
DA:520,1
DA:521,1
DA:522,1
DA:523,1
DA:524,0
DA:525,0
DA:526,1
DA:527,1
DA:528,2
DA:529,2
DA:530,0
DA:531,0
DA:532,2
DA:533,2
DA:534,1
DA:535,1
DA:536,1
DA:537,1
DA:538,1
DA:539,1
DA:540,1
DA:541,1
DA:542,1
DA:543,1
DA:544,1
DA:545,1
DA:546,1
DA:547,1
DA:548,1
DA:549,1
DA:550,1
DA:551,1
DA:552,1
DA:553,1
DA:554,1
DA:555,1
DA:556,1
DA:557,1
DA:558,1
DA:559,1
DA:560,1
DA:561,1
DA:562,1
DA:563,1
DA:564,1
DA:565,1
DA:566,1
DA:567,1
DA:568,1
DA:569,1
DA:570,1
DA:571,0
DA:572,0
DA:573,0
DA:574,1
DA:575,1
DA:576,1
DA:577,1
DA:578,1
DA:579,1
DA:580,1
DA:581,1
DA:582,1
DA:583,0
DA:584,0
DA:585,1
DA:586,0
DA:587,0
DA:588,0
DA:589,1
DA:590,0
DA:591,0
DA:592,0
DA:593,1
DA:594,0
DA:595,0
DA:596,1
DA:597,0
DA:598,0
DA:599,1
DA:600,0
DA:601,0
DA:602,1
DA:603,0
DA:604,0
DA:605,1
DA:606,0
DA:607,0
DA:608,0
DA:609,0
DA:610,0
DA:611,0
DA:612,0
DA:613,0
DA:614,0
DA:615,0
DA:616,0
DA:617,0
DA:618,0
DA:619,0
DA:620,0
DA:621,1
DA:622,0
DA:623,0
DA:624,0
DA:625,0
DA:626,1
DA:627,1
DA:628,0
DA:629,0
DA:630,0
DA:631,0
DA:632,0
DA:633,0
DA:634,0
DA:635,0
DA:636,0
DA:637,0
DA:638,0
DA:639,1
DA:640,1
DA:641,1
DA:642,1
DA:643,1
DA:644,0
DA:645,0
DA:646,1
DA:647,1
DA:648,1
DA:649,1
DA:650,1
DA:651,0
DA:652,0
DA:653,1
DA:654,1
DA:655,1
DA:656,1
DA:657,1
DA:658,0
DA:659,0
DA:660,1
DA:661,0
DA:662,0
DA:663,0
DA:664,0
DA:665,1
DA:666,1
DA:667,1
DA:668,0
DA:669,0
DA:670,0
DA:671,0
DA:672,1
DA:673,0
DA:674,0
DA:675,0
DA:676,0
DA:677,0
DA:678,0
DA:679,0
DA:680,1
DA:681,0
DA:682,0
DA:683,0
DA:684,0
DA:685,0
DA:686,0
DA:687,0
DA:688,0
DA:689,0
DA:690,0
DA:691,0
DA:692,0
DA:693,0
DA:694,1
DA:695,0
DA:696,0
DA:697,1
DA:698,1
DA:699,1
DA:700,1
DA:701,1
DA:702,1
DA:703,1
DA:704,1
DA:705,1
DA:706,1
DA:707,1
LF:707
LH:490
BRDA:18,0,0,10
BRDA:23,1,0,0
BRDA:57,2,0,4
BRDA:64,3,0,0
BRDA:64,4,0,0
BRDA:64,5,0,0
BRDA:70,6,0,0
BRDA:105,7,0,5
BRDA:111,8,0,0
BRDA:114,9,0,0
BRDA:119,10,0,1
BRDA:123,11,0,3
BRDA:124,12,0,1
BRDA:124,13,0,1
BRDA:125,14,0,1
BRDA:128,15,0,3
BRDA:130,16,0,0
BRDA:154,17,0,3
BRDA:155,18,0,0
BRDA:156,19,0,2
BRDA:158,20,0,1
BRDA:160,21,0,0
BRDA:165,22,0,0
BRDA:168,23,0,4
BRDA:173,24,0,3
BRDA:225,25,0,7
BRDA:227,26,0,0
BRDA:230,27,0,0
BRDA:327,28,0,4
BRDA:336,29,0,1
BRDA:345,30,0,12
BRDA:349,31,0,0
BRDA:354,32,0,1
BRDA:357,33,0,1
BRDA:368,34,0,0
BRDA:378,35,0,5
BRDA:380,36,0,3
BRDA:382,37,0,5
BRDA:384,38,0,3
BRDA:436,39,0,2
BRDA:440,40,0,1
BRDA:441,41,0,1
BRDA:444,42,0,0
BRDA:474,43,0,14
BRDA:477,44,0,0
BRDA:478,45,0,0
BRDA:470,46,0,2
BRDA:498,47,0,1
BRDA:509,48,0,3
BRDA:527,49,0,2
BRDA:537,50,0,1
BRDA:567,51,0,1
BRF:52
BRH:34
end_of_record
TN:
SF:packages/connect/connect.ts
FN:29,getChainContext
FN:55,defineDevnetMode
FN:64,Mocknet
FN:68,getDeploymentsForChain
FN:111,getAgentContext
FN:139,chainFlags
FN:149,ConnectLogger
FN:150,noName
FN:154,noDeploy
FN:158,knownChains
FN:165,selectedChain
FN:174,chainStatus
FNF:12
FNH:7
FNDA:1,getChainContext
FNDA:2,defineDevnetMode
FNDA:1,Mocknet
FNDA:1,getDeploymentsForChain
FNDA:1,getAgentContext
FNDA:1,chainFlags
FNDA:1,ConnectLogger
FNDA:0,noName
FNDA:0,noDeploy
FNDA:0,knownChains
FNDA:0,selectedChain
FNDA:0,chainStatus
DA:1,1
DA:2,1
DA:3,1
DA:4,1
DA:5,1
DA:6,1
DA:7,1
DA:8,1
DA:9,1
DA:10,1
DA:11,1
DA:12,1
DA:13,1
DA:14,1
DA:15,1
DA:16,1
DA:17,3
DA:18,3
DA:19,1
DA:20,1
DA:21,1
DA:22,1
DA:23,1
DA:24,1
DA:25,1
DA:26,1
DA:27,1
DA:28,1
DA:29,1
DA:30,1
DA:31,1
DA:32,1
DA:33,1
DA:34,1
DA:35,1
DA:36,1
DA:37,1
DA:38,1
DA:39,1
DA:40,0
DA:41,0
DA:42,0
DA:43,1
DA:44,1
DA:45,1
DA:46,1
DA:47,1
DA:48,1
DA:49,1
DA:50,1
DA:51,1
DA:52,1
DA:53,1
DA:54,1
DA:55,1
DA:56,2
DA:57,0
DA:58,0
DA:59,0
DA:60,0
DA:61,0
DA:62,0
DA:63,1
DA:64,1
DA:65,1
DA:66,1
DA:67,1
DA:68,1
DA:69,1
DA:70,1
DA:71,1
DA:72,1
DA:73,1
DA:74,1
DA:75,1
DA:76,1
DA:77,1
DA:78,1
DA:79,1
DA:80,1
DA:81,1
DA:82,1
DA:83,1
DA:84,1
DA:85,1
DA:86,1
DA:87,1
DA:88,1
DA:89,1
DA:90,1
DA:91,1
DA:92,1
DA:93,1
DA:94,1
DA:95,1
DA:96,1
DA:97,1
DA:98,2
DA:99,2
DA:100,2
DA:101,1
DA:102,1
DA:103,1
DA:104,1
DA:105,1
DA:106,1
DA:107,1
DA:108,1
DA:109,1
DA:110,1
DA:111,1
DA:112,1
DA:113,1
DA:114,0
DA:115,0
DA:116,0
DA:117,0
DA:118,1
DA:119,1
DA:120,0
DA:121,0
DA:122,1
DA:123,1
DA:124,1
DA:125,1
DA:126,1
DA:127,1
DA:128,1
DA:129,1
DA:130,1
DA:131,1
DA:132,1
DA:133,1
DA:134,1
DA:135,1
DA:136,1
DA:137,1
DA:138,1
DA:139,1
DA:140,1
DA:141,1
DA:142,1
DA:143,1
DA:144,1
DA:145,1
DA:146,1
DA:147,1
DA:148,1
DA:149,1
DA:150,1
DA:151,0
DA:152,0
DA:153,1
DA:154,1
DA:155,0
DA:156,0
DA:157,1
DA:158,1
DA:159,0
DA:160,0
DA:161,0
DA:162,0
DA:163,0
DA:164,1
DA:165,1
DA:166,0
DA:167,0
DA:168,0
DA:169,0
DA:170,0
DA:171,0
DA:172,0
DA:173,1
DA:174,1
DA:175,0
DA:176,0
DA:177,0
DA:178,0
DA:179,0
DA:180,0
DA:181,0
DA:182,0
DA:183,0
DA:184,0
DA:185,0
DA:186,0
DA:187,0
DA:188,0
DA:189,1
DA:190,1
DA:191,1
DA:192,1
DA:193,1
DA:194,1
DA:195,1
DA:196,0
DA:197,0
DA:198,0
LF:198
LH:150
BRDA:195,0,0,0
BRDA:16,1,0,3
BRDA:17,2,0,3
BRDA:18,3,0,3
BRDA:29,4,0,1
BRDA:35,5,0,0
BRDA:39,6,0,0
BRDA:55,7,0,2
BRDA:64,8,0,1
BRDA:68,9,0,1
BRDA:71,10,0,1
BRDA:97,11,0,2
BRDA:99,12,0,2
BRDA:99,13,0,2
BRDA:100,14,0,2
BRDA:100,15,0,2
BRDA:111,16,0,1
BRDA:112,17,0,0
BRDA:113,18,0,0
BRDA:119,19,0,0
BRDA:129,20,0,0
BRDA:139,21,0,1
BRDA:149,22,0,1
BRF:23
BRH:16
end_of_record
TN:
SF:packages/deploy/deploy.ts
FN:83,DeployCommands
FN:103,parse
FN:130,getDeployment
FN:141,createDeployment
FN:151,getOrCreateDeployment
FN:162,listDeployments
FN:182,selectDeployment
FN:205,showDeployment
FN:218,expectDeployments
FN:227,DeployLogger
FN:320,getDeployContext
FN:344,template
FN:346,templates
FN:349,contract
FN:353,contracts
FN:380,DeployTask
FN:370,get run
FN:374,runDeployTask
FN:393,subtask
FN:401,contract
FN:410,TemplateSlot
FN:434,getOrUpload
FN:467,TemplateSlot.E01
FN:468,TemplateSlot.E02
FN:469,TemplateSlot.E03
FN:470,TemplateSlot.E04
FN:471,TemplateSlot.E05
FN:472,TemplateSlot.E06
FN:473,TemplateSlot.E07
FN:474,TemplateSlot.E08
FN:475,TemplateSlot.E09
FN:476,TemplateSlot.E10
FN:477,TemplateSlot.W01
FN:480,MultiTemplateSlot
FN:487,getOrUploadMany
FN:515,toTemplate
FN:524,Uploader
FN:525,get chain
FN:532,upload
FN:541,uploadMany
FN:567,checkCodeHash
FN:586,CachingFSUploader
FN:580,fromConfig
FN:589,getUploadReceiptPath
FN:594,getUploadReceiptName
FN:598,upload
FN:610,uploadMany
FN:663,ensureCodeHash
FN:698,ContractSlot
FN:728,then
FN:735,deploy
FN:761,getOrDeploy
FN:768,getOrDeployContract
FN:784,getOr
FN:795,get
FN:682,ContractSlot.E00
FN:684,ContractSlot.E01
FN:686,ContractSlot.E02
FN:688,ContractSlot.E03
FN:690,ContractSlot.E04
FN:692,ContractSlot.E05
FN:694,ContractSlot.E07
FN:696,ContractSlot.E08
FN:811,MultiContractSlot
FN:818,deployMany
FN:846,Deployments
FN:854,create
FN:863,select
FN:873,get active
FN:877,get
FN:885,list
FN:895,save
FN:849,Deployments.fromConfig
FN:1008,Deployment
FN:920,has
FN:924,get
FN:930,expect
FN:938,getClient
FN:944,setMany
FN:951,resolve
FN:957,init
FN:969,initMany
FN:981,initVarious
FN:995,toInitConfig
FN:1017,load
FN:1036,set
FN:1041,add
FN:1045,save
FN:1072,codeHashForBlob
FN:1073,codeHashForPath
FN:1074,addPrefix
FNF:91
FNH:41
FNDA:0,DeployCommands
FNDA:0,parse
FNDA:0,getDeployment
FNDA:0,createDeployment
FNDA:0,getOrCreateDeployment
FNDA:0,listDeployments
FNDA:0,selectDeployment
FNDA:0,showDeployment
FNDA:0,expectDeployments
FNDA:0,DeployLogger
FNDA:1,getDeployContext
FNDA:0,template
FNDA:0,templates
FNDA:2,contract
FNDA:0,contracts
FNDA:1,DeployTask
FNDA:1,get run
FNDA:1,runDeployTask
FNDA:0,subtask
FNDA:2,contract
FNDA:0,TemplateSlot
FNDA:0,getOrUpload
FNDA:0,TemplateSlot.E01
FNDA:0,TemplateSlot.E02
FNDA:0,TemplateSlot.E03
FNDA:0,TemplateSlot.E04
FNDA:0,TemplateSlot.E05
FNDA:0,TemplateSlot.E06
FNDA:0,TemplateSlot.E07
FNDA:0,TemplateSlot.E08
FNDA:0,TemplateSlot.E09
FNDA:0,TemplateSlot.E10
FNDA:0,TemplateSlot.W01
FNDA:0,MultiTemplateSlot
FNDA:0,getOrUploadMany
FNDA:0,toTemplate
FNDA:6,Uploader
FNDA:0,get chain
FNDA:1,upload
FNDA:3,uploadMany
FNDA:6,checkCodeHash
FNDA:3,CachingFSUploader
FNDA:0,fromConfig
FNDA:3,getUploadReceiptPath
FNDA:7,getUploadReceiptName
FNDA:1,upload
FNDA:4,uploadMany
FNDA:3,ensureCodeHash
FNDA:2,ContractSlot
FNDA:0,then
FNDA:0,deploy
FNDA:2,getOrDeploy
FNDA:2,getOrDeployContract
FNDA:0,getOr
FNDA:0,get
FNDA:0,ContractSlot.E00
FNDA:0,ContractSlot.E01
FNDA:0,ContractSlot.E02
FNDA:0,ContractSlot.E03
FNDA:0,ContractSlot.E04
FNDA:0,ContractSlot.E05
FNDA:0,ContractSlot.E07
FNDA:0,ContractSlot.E08
FNDA:0,MultiContractSlot
FNDA:0,deployMany
FNDA:9,Deployments
FNDA:2,create
FNDA:2,select
FNDA:1,get active
FNDA:2,get
FNDA:1,list
FNDA:1,save
FNDA:1,Deployments.fromConfig
FNDA:5,Deployment
FNDA:0,has
FNDA:6,get
FNDA:0,expect
FNDA:0,getClient
FNDA:1,setMany
FNDA:0,resolve
FNDA:1,init
FNDA:1,initMany
FNDA:2,initVarious
FNDA:4,toInitConfig
FNDA:6,load
FNDA:3,set
FNDA:1,add
FNDA:9,save
FNDA:2,codeHashForBlob
FNDA:2,codeHashForPath
FNDA:5,addPrefix
DA:1,1
DA:2,1
DA:3,1
DA:4,1
DA:5,1
DA:6,1
DA:7,1
DA:8,1
DA:9,1
DA:10,1
DA:11,1
DA:12,1
DA:13,1
DA:14,1
DA:15,1
DA:16,1
DA:17,1
DA:18,1
DA:19,1
DA:20,1
DA:21,1
DA:22,1
DA:23,1
DA:24,1
DA:25,1
DA:26,1
DA:27,1
DA:28,1
DA:29,1
DA:30,1
DA:31,1
DA:32,1
DA:33,1
DA:34,1
DA:35,1
DA:36,1
DA:37,1
DA:38,1
DA:39,1
DA:40,1
DA:41,1
DA:42,1
DA:43,1
DA:44,1
DA:45,1
DA:46,1
DA:47,1
DA:48,1
DA:49,1
DA:50,1
DA:51,1
DA:52,1
DA:53,1
DA:54,1
DA:55,1
DA:56,1
DA:57,1
DA:58,1
DA:59,1
DA:60,1
DA:61,1
DA:62,1
DA:63,1
DA:64,1
DA:65,1
DA:66,1
DA:67,1
DA:68,1
DA:69,1
DA:70,1
DA:71,1
DA:72,1
DA:73,1
DA:74,1
DA:75,1
DA:76,1
DA:77,1
DA:78,1
DA:79,1
DA:80,1
DA:81,1
DA:82,1
DA:83,1
DA:84,0
DA:85,0
DA:86,0
DA:87,0
DA:88,0
DA:89,0
DA:90,0
DA:91,0
DA:92,0
DA:93,0
DA:94,0
DA:95,0
DA:96,0
DA:97,0
DA:98,0
DA:99,0
DA:100,0
DA:101,0
DA:102,0
DA:103,1
DA:104,0
DA:105,0
DA:106,0
DA:107,0
DA:108,0
DA:109,0
DA:110,0
DA:111,0
DA:112,0
DA:113,0
DA:114,0
DA:115,0
DA:116,0
DA:117,0
DA:118,0
DA:119,0
DA:120,0
DA:121,0
DA:122,0
DA:123,0
DA:124,0
DA:125,0
DA:126,0
DA:127,0
DA:128,0
DA:129,1
DA:130,1
DA:131,0
DA:132,0
DA:133,0
DA:134,0
DA:135,0
DA:136,0
DA:137,0
DA:138,0
DA:139,0
DA:140,1
DA:141,1
DA:142,0
DA:143,0
DA:144,0
DA:145,0
DA:146,0
DA:147,0
DA:148,0
DA:149,0
DA:150,1
DA:151,1
DA:152,0
DA:153,0
DA:154,0
DA:155,0
DA:156,0
DA:157,0
DA:158,0
DA:159,0
DA:160,0
DA:161,1
DA:162,1
DA:163,0
DA:164,0
DA:165,0
DA:166,0
DA:167,0
DA:168,0
DA:169,0
DA:170,0
DA:171,0
DA:172,0
DA:173,0
DA:174,0
DA:175,0
DA:176,0
DA:177,0
DA:178,0
DA:179,0
DA:180,0
DA:181,1
DA:182,1
DA:183,0
DA:184,0
DA:185,0
DA:186,0
DA:187,0
DA:188,0
DA:189,0
DA:190,0
DA:191,0
DA:192,0
DA:193,0
DA:194,0
DA:195,0
DA:196,0
DA:197,0
DA:198,0
DA:199,0
DA:200,0
DA:201,0
DA:202,0
DA:203,0
DA:204,1
DA:205,1
DA:206,0
DA:207,0
DA:208,0
DA:209,0
DA:210,0
DA:211,0
DA:212,0
DA:213,0
DA:214,0
DA:215,0
DA:216,0
DA:217,1
DA:218,1
DA:219,0
DA:220,0
DA:221,0
DA:222,0
DA:223,0
DA:224,0
DA:225,0
DA:226,1
DA:227,1
DA:228,0
DA:229,0
DA:230,0
DA:231,0
DA:232,0
DA:233,0
DA:234,0
DA:235,0
DA:236,0
DA:237,0
DA:238,0
DA:239,0
DA:240,0
DA:241,0
DA:242,0
DA:243,0
DA:244,0
DA:245,0
DA:246,0
DA:247,0
DA:248,0
DA:249,0
DA:250,0
DA:251,0
DA:252,0
DA:253,0
DA:254,0
DA:255,0
DA:256,0
DA:257,0
DA:258,0
DA:259,0
DA:260,0
DA:261,0
DA:262,0
DA:263,0
DA:264,0
DA:265,0
DA:266,0
DA:267,0
DA:268,0
DA:269,0
DA:270,0
DA:271,0
DA:272,0
DA:273,0
DA:274,0
DA:275,0
DA:276,0
DA:277,0
DA:278,0
DA:279,0
DA:280,0
DA:281,0
DA:282,0
DA:283,0
DA:284,0
DA:285,0
DA:286,0
DA:287,0
DA:288,0
DA:289,0
DA:290,0
DA:291,0
DA:292,1
DA:293,1
DA:294,1
DA:295,1
DA:296,1
DA:297,1
DA:298,1
DA:299,1
DA:300,1
DA:301,1
DA:302,1
DA:303,1
DA:304,1
DA:305,1
DA:306,1
DA:307,1
DA:308,1
DA:309,1
DA:310,1
DA:311,1
DA:312,1
DA:313,1
DA:314,1
DA:315,1
DA:316,1
DA:317,1
DA:318,1
DA:319,1
DA:320,1
DA:321,1
DA:322,1
DA:323,1
DA:324,1
DA:325,1
DA:326,1
DA:327,0
DA:328,0
DA:329,0
DA:330,0
DA:331,0
DA:332,1
DA:333,1
DA:334,1
DA:335,0
DA:336,0
DA:337,1
DA:338,1
DA:339,1
DA:340,1
DA:341,1
DA:342,1
DA:343,1
DA:344,1
DA:345,0
DA:346,1
DA:347,0
DA:348,1
DA:349,1
DA:350,2
DA:351,2
DA:352,2
DA:353,1
DA:354,0
DA:355,0
DA:356,0
DA:357,1
DA:358,1
DA:359,1
DA:360,1
DA:361,1
DA:362,1
DA:363,1
DA:364,1
DA:365,1
DA:366,1
DA:367,1
DA:368,1
DA:369,1
DA:370,1
DA:371,1
DA:372,1
DA:373,1
DA:374,1
DA:375,1
DA:376,1
DA:377,1
DA:378,1
DA:379,1
DA:380,1
DA:381,1
DA:382,0
DA:383,0
DA:384,1
DA:385,1
DA:386,1
DA:387,1
DA:388,1
DA:389,1
DA:390,1
DA:391,1
DA:392,1
DA:393,1
DA:394,0
DA:395,0
DA:396,0
DA:397,0
DA:398,0
DA:399,0
DA:400,0
DA:401,1
DA:402,2
DA:403,2
DA:404,2
DA:405,2
DA:406,1
DA:407,1
DA:408,1
DA:409,1
DA:410,1
DA:411,0
DA:412,0
DA:413,0
DA:414,0
DA:415,0
DA:416,0
DA:417,0
DA:418,0
DA:419,0
DA:420,0
DA:421,0
DA:422,0
DA:423,0
DA:424,0
DA:425,0
DA:426,0
DA:427,0
DA:428,0
DA:429,0
DA:430,0
DA:431,1
DA:432,1
DA:433,1
DA:434,1
DA:435,0
DA:436,0
DA:437,0
DA:438,0
DA:439,0
DA:440,0
DA:441,0
DA:442,0
DA:443,0
DA:444,0
DA:445,0
DA:446,0
DA:447,0
DA:448,0
DA:449,0
DA:450,0
DA:451,0
DA:452,0
DA:453,0
DA:454,0
DA:455,0
DA:456,0
DA:457,0
DA:458,0
DA:459,0
DA:460,0
DA:461,0
DA:462,0
DA:463,1
DA:464,1
DA:465,1
DA:466,1
DA:467,1
DA:468,1
DA:469,1
DA:470,1
DA:471,1
DA:472,1
DA:473,1
DA:474,1
DA:475,1
DA:476,1
DA:477,1
DA:478,1
DA:479,1
DA:480,1
DA:481,0
DA:482,0
DA:483,0
DA:484,0
DA:485,0
DA:486,1
DA:487,1
DA:488,0
DA:489,0
DA:490,0
DA:491,0
DA:492,0
DA:493,0
DA:494,1
DA:495,1
DA:496,1
DA:497,1
DA:498,1
DA:499,1
DA:500,1
DA:501,1
DA:502,1
DA:503,1
DA:504,1
DA:505,1
DA:506,1
DA:507,1
DA:508,1
DA:509,1
DA:510,1
DA:511,1
DA:512,1
DA:513,1
DA:514,1
DA:515,1
DA:516,0
DA:517,0
DA:518,0
DA:519,0
DA:520,0
DA:521,1
DA:522,1
DA:523,1
DA:524,1
DA:525,1
DA:526,1
DA:527,1
DA:528,1
DA:529,1
DA:530,1
DA:531,1
DA:532,1
DA:533,1
DA:534,1
DA:535,1
DA:536,1
DA:537,1
DA:538,1
DA:539,1
DA:540,1
DA:541,1
DA:542,3
DA:543,3
DA:544,3
DA:545,9
DA:546,9
DA:547,9
DA:548,9
DA:549,9
DA:550,6
DA:551,6
DA:552,6
DA:553,6
DA:554,6
DA:555,6
DA:556,6
DA:557,6
DA:558,9
DA:559,9
DA:560,9
DA:561,3
DA:562,3
DA:563,1
DA:564,1
DA:565,1
DA:566,1
DA:567,1
DA:568,6
DA:569,3
DA:570,3
DA:571,3
DA:572,3
DA:573,3
DA:574,3
DA:575,6
DA:576,1
DA:577,1
DA:578,1
DA:579,1
DA:580,1
DA:581,0
DA:582,0
DA:583,0
DA:584,0
DA:585,0
DA:586,1
DA:587,3
DA:588,3
DA:589,1
DA:590,3
DA:591,3
DA:592,3
DA:593,3
DA:594,1
DA:595,7
DA:596,7
DA:597,1
DA:598,1
DA:599,1
DA:600,1
DA:601,1
DA:602,0
DA:603,0
DA:604,0
DA:605,1
DA:606,1
DA:607,1
DA:608,1
DA:609,1
DA:610,1
DA:611,4
DA:612,4
DA:613,4
DA:614,3
DA:615,3
DA:616,3
DA:617,3
DA:618,3
DA:619,3
DA:620,2
DA:621,3
DA:622,1
DA:623,1
DA:624,1
DA:625,1
DA:626,1
DA:627,1
DA:628,1
DA:629,1
DA:630,0
DA:631,0
DA:632,0
DA:633,0
DA:634,0
DA:635,0
DA:636,0
DA:637,0
DA:638,0
DA:639,0
DA:640,0
DA:641,0
DA:642,0
DA:643,0
DA:644,0
DA:645,0
DA:646,3
DA:647,4
DA:648,2
DA:649,2
DA:650,3
DA:651,3
DA:652,3
DA:653,3
DA:654,3
DA:655,3
DA:656,2
DA:657,2
DA:658,2
DA:659,4
DA:660,4
DA:661,1
DA:662,1
DA:663,1
DA:664,3
DA:665,2
DA:666,2
DA:667,2
DA:668,2
DA:669,2
DA:670,2
DA:671,2
DA:672,2
DA:673,2
DA:674,0
DA:675,0
DA:676,2
DA:677,3
DA:678,1
DA:679,1
DA:680,1
DA:681,1
DA:682,1
DA:683,0
DA:684,1
DA:685,0
DA:686,1
DA:687,0
DA:688,1
DA:689,0
DA:690,1
DA:691,0
DA:692,1
DA:693,0
DA:694,1
DA:695,0
DA:696,1
DA:697,0
DA:698,1
DA:699,2
DA:700,2
DA:701,2
DA:702,2
DA:703,2
DA:704,2
DA:705,2
DA:706,2
DA:707,2
DA:708,2
DA:709,2
DA:710,0
DA:711,0
DA:712,2
DA:713,2
DA:714,2
DA:715,2
DA:716,2
DA:717,2
DA:718,2
DA:719,1
DA:720,1
DA:721,1
DA:722,1
DA:723,1
DA:724,1
DA:725,1
DA:726,1
DA:727,1
DA:728,1
DA:729,0
DA:730,0
DA:731,0
DA:732,0
DA:733,0
DA:734,0
DA:735,1
DA:736,0
DA:737,0
DA:738,0
DA:739,0
DA:740,0
DA:741,0
DA:742,0
DA:743,0
DA:744,0
DA:745,0
DA:746,0
DA:747,0
DA:748,0
DA:749,0
DA:750,0
DA:751,0
DA:752,0
DA:753,0
DA:754,0
DA:755,0
DA:756,0
DA:757,0
DA:758,0
DA:759,0
DA:760,0
DA:761,1
DA:762,2
DA:763,0
DA:764,0
DA:765,0
DA:766,0
DA:767,2
DA:768,2
DA:769,2
DA:770,2
DA:771,2
DA:772,2
DA:773,0
DA:774,0
DA:775,0
DA:776,0
DA:777,0
DA:778,0
DA:779,0
DA:780,0
DA:781,0
DA:782,0
DA:783,2
DA:784,1
DA:785,0
DA:786,0
DA:787,0
DA:788,0
DA:789,0
DA:790,0
DA:791,0
DA:792,0
DA:793,0
DA:794,0
DA:795,1
DA:796,0
DA:797,0
DA:798,0
DA:799,0
DA:800,0
DA:801,0
DA:802,0
DA:803,0
DA:804,0
DA:805,0
DA:806,0
DA:807,1
DA:808,1
DA:809,1
DA:810,1
DA:811,1
DA:812,0
DA:813,0
DA:814,0
DA:815,0
DA:816,0
DA:817,1
DA:818,1
DA:819,0
DA:820,0
DA:821,0
DA:822,0
DA:823,0
DA:824,0
DA:825,0
DA:826,0
DA:827,0
DA:828,0
DA:829,0
DA:830,0
DA:831,0
DA:832,0
DA:833,0
DA:834,0
DA:835,0
DA:836,0
DA:837,0
DA:838,1
DA:839,1
DA:840,1
DA:841,1
DA:842,1
DA:843,1
DA:844,1
DA:845,1
DA:846,9
DA:847,9
DA:848,9
DA:849,9
DA:850,1
DA:851,9
DA:852,9
DA:853,9
DA:854,9
DA:855,2
DA:856,2
DA:857,0
DA:858,0
DA:859,2
DA:860,0
DA:861,0
DA:862,9
DA:863,9
DA:864,2
DA:865,2
DA:866,0
DA:867,0
DA:868,2
DA:869,2
DA:870,2
DA:871,2
DA:872,9
DA:873,9
DA:874,1
DA:875,1
DA:876,9
DA:877,9
DA:878,2
DA:879,2
DA:880,1
DA:881,1
DA:882,1
DA:883,1
DA:884,9
DA:885,9
DA:886,1
DA:887,0
DA:888,0
DA:889,1
DA:890,1
DA:891,1
DA:892,1
DA:893,1
DA:894,9
DA:895,9
DA:896,1
DA:897,1
DA:898,1
DA:899,1
DA:900,9
DA:901,1
DA:902,1
DA:903,1
DA:904,1
DA:905,1
DA:906,1
DA:907,1
DA:908,1
DA:909,1
DA:910,1
DA:911,1
DA:912,1
DA:913,1
DA:914,1
DA:915,1
DA:916,1
DA:917,1
DA:918,1
DA:919,1
DA:920,1
DA:921,0
DA:922,0
DA:923,1
DA:924,1
DA:925,6
DA:926,6
DA:927,5
DA:928,5
DA:929,5
DA:930,1
DA:931,0
DA:932,0
DA:933,0
DA:934,0
DA:935,0
DA:936,0
DA:937,1
DA:938,1
DA:939,0
DA:940,0
DA:941,0
DA:942,0
DA:943,1
DA:944,1
DA:945,1
DA:946,2
DA:947,2
DA:948,1
DA:949,1
DA:950,1
DA:951,1
DA:952,0
DA:953,0
DA:954,0
DA:955,0
DA:956,1
DA:957,1
DA:958,1
DA:959,1
DA:960,1
DA:961,1
DA:962,1
DA:963,1
DA:964,0
DA:965,0
DA:966,0
DA:967,1
DA:968,1
DA:969,1
DA:970,1
DA:971,1
DA:972,1
DA:973,1
DA:974,1
DA:975,1
DA:976,0
DA:977,0
DA:978,0
DA:979,1
DA:980,1
DA:981,1
DA:982,2
DA:983,2
DA:984,2
DA:985,2
DA:986,4
DA:987,4
DA:988,0
DA:989,0
DA:990,0
DA:991,0
DA:992,0
DA:993,4
DA:994,2
DA:995,2
DA:996,2
DA:997,2
DA:998,2
DA:999,2
DA:1000,2
DA:1001,4
DA:1002,4
DA:1003,4
DA:1004,4
DA:1005,2
DA:1006,2
DA:1007,1
DA:1008,1
DA:1009,5
DA:1010,5
DA:1011,5
DA:1012,5
DA:1013,5
DA:1014,5
DA:1015,5
DA:1016,1
DA:1017,1
DA:1018,6
DA:1019,6
DA:1020,6
DA:1021,6
DA:1022,6
DA:1023,6
DA:1024,6
DA:1025,6
DA:1026,6
DA:1027,6
DA:1028,1
DA:1029,1
DA:1030,1
DA:1031,6
DA:1032,6
DA:1033,6
DA:1034,1
DA:1035,1
DA:1036,1
DA:1037,3
DA:1038,3
DA:1039,3
DA:1040,1
DA:1041,1
DA:1042,1
DA:1043,1
DA:1044,1
DA:1045,1
DA:1046,9
DA:1047,9
DA:1048,9
DA:1049,9
DA:1050,9
DA:1051,14
DA:1052,14
DA:1053,14
DA:1054,14
DA:1055,14
DA:1056,0
DA:1057,0
DA:1058,0
DA:1059,0
DA:1060,0
DA:1061,0
DA:1062,0
DA:1063,0
DA:1064,14
DA:1065,14
DA:1066,14
DA:1067,9
DA:1068,9
DA:1069,9
DA:1070,9
DA:1071,1
DA:1072,1
DA:1073,1
DA:1074,1
DA:1075,1
DA:1076,1
DA:1077,1
DA:1078,1
DA:1079,1
DA:1080,1
DA:1081,0
DA:1082,0
DA:1083,0
DA:1084,0
DA:1085,0
DA:1086,0
DA:1087,0
DA:1088,0
DA:1089,0
DA:1090,0
DA:1091,0
DA:1092,0
DA:1093,0
DA:1094,0
DA:1095,0
DA:1096,0
DA:1097,0
DA:1098,0
DA:1099,0
DA:1100,0
DA:1101,0
DA:1102,0
DA:1103,0
DA:1104,0
DA:1105,0
DA:1106,0
DA:1107,0
DA:1108,0
DA:1109,0
DA:1110,0
DA:1111,0
DA:1112,0
DA:1113,0
DA:1114,0
DA:1115,1
DA:1116,1
LF:1116
LH:637
BRDA:1080,0,0,0
BRDA:72,1,0,1
BRDA:75,2,0,1
BRDA:76,3,0,1
BRDA:320,4,0,1
BRDA:325,5,0,0
BRDA:326,6,0,0
BRDA:334,7,0,0
BRDA:340,8,0,0
BRDA:341,9,0,0
BRDA:349,10,0,2
BRDA:380,11,0,1
BRDA:381,12,0,0
BRDA:385,13,0,1
BRDA:387,14,0,0
BRDA:370,15,0,1
BRDA:374,16,0,1
BRDA:401,17,0,2
BRDA:524,18,0,6
BRDA:532,19,0,1
BRDA:541,20,0,3
BRDA:544,21,0,9
BRDA:549,22,0,6
BRDA:567,23,0,6
BRDA:568,24,0,3
BRDA:586,25,0,3
BRDA:589,26,0,3
BRDA:594,27,0,7
BRDA:598,28,0,1
BRDA:601,29,0,0
BRDA:610,30,0,4
BRDA:613,31,0,3
BRDA:619,32,0,2
BRDA:621,33,0,1
BRDA:630,34,0,0
BRDA:647,35,0,2
BRDA:649,36,0,3
BRDA:650,37,0,0
BRDA:663,38,0,3
BRDA:664,39,0,2
BRDA:673,40,0,0
BRDA:698,41,0,2
BRDA:704,42,0,0
BRDA:707,43,0,0
BRDA:709,44,0,0
BRDA:761,45,0,2
BRDA:762,46,0,0
BRDA:768,47,0,2
BRDA:770,48,0,0
BRDA:772,49,0,0
BRDA:846,50,0,9
BRDA:854,51,0,2
BRDA:856,52,0,0
BRDA:860,53,0,0
BRDA:863,54,0,2
BRDA:865,55,0,0
BRDA:869,56,0,0
BRDA:873,57,0,1
BRDA:877,58,0,2
BRDA:879,59,0,1
BRDA:885,60,0,1
BRDA:886,61,0,0
BRDA:890,62,0,2
BRDA:891,63,0,2
BRDA:892,64,0,2
BRDA:895,65,0,1
BRDA:849,66,0,1
BRDA:1008,67,0,5
BRDA:924,68,0,6
BRDA:926,69,0,1
BRDA:927,70,0,5
BRDA:944,71,0,1
BRDA:945,72,0,2
BRDA:957,73,0,1
BRDA:963,74,0,0
BRDA:969,75,0,1
BRDA:975,76,0,0
BRDA:974,77,0,2
BRDA:981,78,0,2
BRDA:985,79,0,4
BRDA:987,80,0,0
BRDA:1000,81,0,4
BRDA:995,82,0,4
BRDA:1017,83,0,6
BRDA:1019,84,0,0
BRDA:1021,85,0,1
BRDA:1027,86,0,1
BRDA:1036,87,0,3
BRDA:1041,88,0,1
BRDA:1045,89,0,9
BRDA:1047,90,0,0
BRDA:1050,91,0,14
BRDA:1052,92,0,2
BRDA:1055,93,0,0
BRDA:1064,94,0,0
BRDA:1072,95,0,2
BRDA:1073,96,0,2
BRDA:1074,97,0,5
BRF:98
BRH:68
end_of_record
TN:
SF:packages/devnet/devnet.ts
FN:69,Devnet
FN:107,get url
FN:124,save
FN:132,load
FN:157,terminate
FN:200,DockerDevnet
FN:191,getOrCreate
FN:208,get dokeres
FN:222,getGenesisAccount
FN:229,get initScriptName
FN:232,spawn
FN:296,logFilter
FN:311,load
FN:321,save
FN:325,respawn
FN:375,kill
FN:397,erase
FN:481,RemoteDevnet
FN:448,getOrCreate
FN:488,spawn
FN:512,save
FN:519,respawn
FN:528,ready
FN:538,getGenesisAccount
FN:545,erase
FN:548,kill
FN:553,getDevnet
FN:566,resetDevnet
FN:581,optionallyReset
FNF:29
FNH:10
FNDA:3,Devnet
FNDA:0,get url
FNDA:2,save
FNDA:1,load
FNDA:0,terminate
FNDA:1,DockerDevnet
FNDA:1,getOrCreate
FNDA:1,get dokeres
FNDA:0,getGenesisAccount
FNDA:1,get initScriptName
FNDA:1,spawn
FNDA:0,logFilter
FNDA:1,load
FNDA:2,save
FNDA:0,respawn
FNDA:0,kill
FNDA:0,erase
FNDA:0,RemoteDevnet
FNDA:0,getOrCreate
FNDA:0,spawn
FNDA:0,save
FNDA:0,respawn
FNDA:0,ready
FNDA:0,getGenesisAccount
FNDA:0,erase
FNDA:0,kill
FNDA:0,getDevnet
FNDA:0,resetDevnet
FNDA:0,optionallyReset
DA:1,1
DA:2,1
DA:3,1
DA:4,1
DA:5,1
DA:6,1
DA:7,1
DA:8,1
DA:9,1
DA:10,1
DA:11,1
DA:12,1
DA:13,1
DA:14,1
DA:15,1
DA:16,1
DA:17,1
DA:18,1
DA:19,1
DA:20,0
DA:21,0
DA:22,0
DA:23,0
DA:24,1
DA:25,1
DA:26,1
DA:27,1
DA:28,1
DA:29,1
DA:30,1
DA:31,1
DA:32,1
DA:33,1
DA:34,1
DA:35,1
DA:36,1
DA:37,1
DA:38,1
DA:39,1
DA:40,1
DA:41,1
DA:42,1
DA:43,1
DA:44,1
DA:45,1
DA:46,1
DA:47,1
DA:48,1
DA:49,1
DA:50,1
DA:51,1
DA:52,1
DA:53,1
DA:54,1
DA:55,1
DA:56,1
DA:57,1
DA:58,1
DA:59,1
DA:60,1
DA:61,1
DA:62,1
DA:63,1
DA:64,1
DA:65,1
DA:66,1
DA:67,1
DA:68,1
DA:69,1
DA:70,3
DA:71,3
DA:72,3
DA:73,3
DA:74,3
DA:75,3
DA:76,3
DA:77,3
DA:78,3
DA:79,3
DA:80,3
DA:81,3
DA:82,0
DA:83,0
DA:84,0
DA:85,0
DA:86,3
DA:87,0
DA:88,0
DA:89,2
DA:90,3
DA:91,3
DA:92,3
DA:93,1
DA:94,1
DA:95,1
DA:96,1
DA:97,1
DA:98,1
DA:99,1
DA:100,1
DA:101,1
DA:102,1
DA:103,1
DA:104,1
DA:105,1
DA:106,1
DA:107,1
DA:108,0
DA:109,0
DA:110,0
DA:111,1
DA:112,1
DA:113,1
DA:114,1
DA:115,1
DA:116,1
DA:117,1
DA:118,1
DA:119,1
DA:120,1
DA:121,1
DA:122,1
DA:123,1
DA:124,1
DA:125,2
DA:126,2
DA:127,2
DA:128,2
DA:129,2
DA:130,2
DA:131,1
DA:132,1
DA:133,1
DA:134,1
DA:135,1
DA:136,1
DA:137,1
DA:138,1
DA:139,1
DA:140,0
DA:141,0
DA:142,1
DA:143,1
DA:144,1
DA:145,0
DA:146,0
DA:147,0
DA:148,0
DA:149,1
DA:150,0
DA:151,0
DA:152,0
DA:153,1
DA:154,1
DA:155,1
DA:156,1
DA:157,1
DA:158,0
DA:159,0
DA:160,0
DA:161,1
DA:162,1
DA:163,1
DA:164,1
DA:165,1
DA:166,1
DA:167,1
DA:168,1
DA:169,1
DA:170,1
DA:171,1
DA:172,1
DA:173,1
DA:174,1
DA:175,1
DA:176,1
DA:177,1
DA:178,1
DA:179,1
DA:180,1
DA:181,1
DA:182,1
DA:183,1
DA:184,1
DA:185,1
DA:186,1
DA:187,1
DA:188,1
DA:189,1
DA:190,1
DA:191,1
DA:192,1
DA:193,1
DA:194,1
DA:195,1
DA:196,1
DA:197,1
DA:198,1
DA:199,1
DA:200,1
DA:201,1
DA:202,1
DA:203,1
DA:204,1
DA:205,1
DA:206,1
DA:207,1
DA:208,1
DA:209,1
DA:210,1
DA:211,1
DA:212,1
DA:213,1
DA:214,1
DA:215,1
DA:216,1
DA:217,1
DA:218,1
DA:219,1
DA:220,1
DA:221,1
DA:222,1
DA:223,0
DA:224,0
DA:225,1
DA:226,1
DA:227,1
DA:228,1
DA:229,1
DA:230,1
DA:231,1
DA:232,1
DA:233,1
DA:234,1
DA:235,1
DA:236,1
DA:237,0
DA:238,0
DA:239,1
DA:240,1
DA:241,1
DA:242,2
DA:243,2
DA:244,2
DA:245,0
DA:246,0
DA:247,2
DA:248,1
DA:249,1
DA:250,1
DA:251,1
DA:252,1
DA:253,1
DA:254,1
DA:255,1
DA:256,1
DA:257,1
DA:258,1
DA:259,1
DA:260,1
DA:261,1
DA:262,1
DA:263,1
DA:264,1
DA:265,1
DA:266,1
DA:267,1
DA:268,1
DA:269,1
DA:270,1
DA:271,1
DA:272,1
DA:273,1
DA:274,1
DA:275,1
DA:276,1
DA:277,1
DA:278,1
DA:279,1
DA:280,1
DA:281,1
DA:282,1
DA:283,1
DA:284,1
DA:285,1
DA:286,0
DA:287,0
DA:288,0
DA:289,0
DA:290,1
DA:291,1
DA:292,1
DA:293,1
DA:294,1
DA:295,1
DA:296,1
DA:297,0
DA:298,0
DA:299,0
DA:300,0
DA:301,0
DA:302,0
DA:303,0
DA:304,0
DA:305,0
DA:306,0
DA:307,0
DA:308,0
DA:309,0
DA:310,0
DA:311,1
DA:312,1
DA:313,1
DA:314,1
DA:315,1
DA:316,0
DA:317,0
DA:318,1
DA:319,1
DA:320,1
DA:321,1
DA:322,2
DA:323,2
DA:324,1
DA:325,1
DA:326,0
DA:327,0
DA:328,0
DA:329,0
DA:330,0
DA:331,0
DA:332,0
DA:333,0
DA:334,0
DA:335,0
DA:336,0
DA:337,0
DA:338,0
DA:339,0
DA:340,0
DA:341,0
DA:342,0
DA:343,0
DA:344,0
DA:345,0
DA:346,0
DA:347,0
DA:348,0
DA:349,0
DA:350,0
DA:351,0
DA:352,0
DA:353,0
DA:354,0
DA:355,0
DA:356,0
DA:357,0
DA:358,0
DA:359,0
DA:360,0
DA:361,0
DA:362,0
DA:363,0
DA:364,0
DA:365,0
DA:366,0
DA:367,0
DA:368,0
DA:369,0
DA:370,0
DA:371,0
DA:372,0
DA:373,0
DA:374,1
DA:375,1
DA:376,0
DA:377,0
DA:378,0
DA:379,0
DA:380,0
DA:381,0
DA:382,0
DA:383,0
DA:384,0
DA:385,0
DA:386,0
DA:387,0
DA:388,0
DA:389,0
DA:390,0
DA:391,0
DA:392,0
DA:393,0
DA:394,0
DA:395,1
DA:396,1
DA:397,1
DA:398,0
DA:399,0
DA:400,0
DA:401,0
DA:402,0
DA:403,0
DA:404,0
DA:405,0
DA:406,0
DA:407,0
DA:408,0
DA:409,0
DA:410,0
DA:411,0
DA:412,0
DA:413,0
DA:414,0
DA:415,0
DA:416,0
DA:417,0
DA:418,0
DA:419,0
DA:420,0
DA:421,0
DA:422,0
DA:423,0
DA:424,0
DA:425,0
DA:426,0
DA:427,0
DA:428,0
DA:429,0
DA:430,0
DA:431,0
DA:432,0
DA:433,0
DA:434,1
DA:435,1
DA:436,1
DA:437,1
DA:438,1
DA:439,1
DA:440,1
DA:441,1
DA:442,1
DA:443,1
DA:444,1
DA:445,1
DA:446,1
DA:447,1
DA:448,1
DA:449,0
DA:450,0
DA:451,0
DA:452,0
DA:453,0
DA:454,0
DA:455,0
DA:456,0
DA:457,0
DA:458,0
DA:459,0
DA:460,0
DA:461,0
DA:462,0
DA:463,0
DA:464,0
DA:465,0
DA:466,0
DA:467,0
DA:468,0
DA:469,0
DA:470,0
DA:471,0
DA:472,0
DA:473,0
DA:474,0
DA:475,0
DA:476,0
DA:477,0
DA:478,0
DA:479,0
DA:480,0
DA:481,1
DA:482,0
DA:483,0
DA:484,0
DA:485,0
DA:486,0
DA:487,1
DA:488,1
DA:489,0
DA:490,0
DA:491,0
DA:492,0
DA:493,0
DA:494,0
DA:495,0
DA:496,0
DA:497,0
DA:498,0
DA:499,0
DA:500,0
DA:501,0
DA:502,0
DA:503,0
DA:504,0
DA:505,0
DA:506,0
DA:507,0
DA:508,0
DA:509,0
DA:510,0
DA:511,0
DA:512,1
DA:513,0
DA:514,0
DA:515,0
DA:516,0
DA:517,0
DA:518,0
DA:519,1
DA:520,0
DA:521,0
DA:522,0
DA:523,0
DA:524,0
DA:525,0
DA:526,0
DA:527,0
DA:528,1
DA:529,0
DA:530,0
DA:531,0
DA:532,0
DA:533,0
DA:534,0
DA:535,0
DA:536,0
DA:537,0
DA:538,1
DA:539,0
DA:540,0
DA:541,0
DA:542,0
DA:543,0
DA:544,0
DA:545,1
DA:546,0
DA:547,0
DA:548,1
DA:549,0
DA:550,0
DA:551,1
DA:552,1
DA:553,1
DA:554,0
DA:555,0
DA:556,0
DA:557,0
DA:558,0
DA:559,0
DA:560,0
DA:561,0
DA:562,0
DA:563,0
DA:564,0
DA:565,1
DA:566,1
DA:567,0
DA:568,0
DA:569,0
DA:570,0
DA:571,0
DA:572,0
DA:573,0
DA:574,0
DA:575,1
DA:576,1
DA:577,1
DA:578,0
DA:579,0
DA:580,0
DA:581,0
DA:582,0
DA:583,0
DA:584,0
DA:585,0
DA:586,0
DA:587,0
DA:588,0
DA:589,0
LF:589
LH:311
BRDA:577,0,0,0
BRDA:69,1,0,3
BRDA:77,2,0,2
BRDA:78,3,0,1
BRDA:79,4,0,2
BRDA:81,5,0,0
BRDA:86,6,0,2
BRDA:86,7,0,0
BRDA:89,8,0,2
BRDA:124,9,0,2
BRDA:132,10,0,1
BRDA:139,11,0,0
BRDA:144,12,0,0
BRDA:149,13,0,0
BRDA:200,14,0,1
BRDA:191,15,0,1
BRDA:208,16,0,1
BRDA:229,17,0,1
BRDA:232,18,0,1
BRDA:236,19,0,0
BRDA:241,20,0,2
BRDA:244,21,0,0
BRDA:256,22,0,0
BRDA:258,23,0,0
BRDA:286,24,0,0
BRDA:311,25,0,1
BRDA:315,26,0,0
BRDA:321,27,0,2
BRF:28
BRH:16
end_of_record
TN:
SF:packages/mocknet/mocknet.ts
FN:23,Mocknet
FN:28,getAgent
FN:31,query
FN:34,getHash
FN:37,getCodeId
FN:40,getLabel
FN:43,getBalance
FN:46,get height
FN:63,MocknetAgent
FN:59,get defaultDenom
FN:60,create
FN:68,get backend
FN:72,upload
FN:75,instantiate
FN:78,execute
FN:81,query
FN:84,get nextBlock
FN:87,get block
FN:90,get account
FN:93,get balance
FN:96,getBalance
FN:99,send
FN:102,sendMany
FN:114,submit
FN:132,save
FN:187,trace
FN:190,trace
FN:192,debug
FN:195,debug
FN:199,MocknetBackend
FN:202,getCode
FN:209,upload
FN:217,getInstance
FN:224,instantiate
FN:237,execute
FN:250,makeEnv
FN:268,passCallbacks
FN:314,query
FN:318,resultOf
FN:337,MocknetContract
FN:345,load
FN:350,init
FN:363,handle
FN:376,query
FN:388,pass
FN:391,readUtf8
FN:397,makeImports
FN:404,getExports
FN:411,db_read
FN:422,db_write
FN:429,db_remove
FN:435,canonicalize_address
FN:444,humanize_address
FN:453,query_chain
FN:499,parseResult
FN:513,region
FN:521,readUtf8
FN:531,readBuffer
FN:542,pass
FN:547,passBuffer
FN:556,write
FN:560,writeUtf8
FN:564,writeToRegion
FN:574,writeToRegionUtf8
FN:578,drop
FN:586,b64toUtf8
FN:590,utf8toB64
FN:593,utf8toBuffer
FN:596,bufferToUtf8
FN:600,codeHashForBlob
FNF:70
FNH:44
FNDA:6,Mocknet
FNDA:6,getAgent
FNDA:4,query
FNDA:0,getHash
FNDA:0,getCodeId
FNDA:0,getLabel
FNDA:0,getBalance
FNDA:0,get height
FNDA:6,MocknetAgent
FNDA:0,get defaultDenom
FNDA:0,create
FNDA:10,get backend
FNDA:4,upload
FNDA:3,instantiate
FNDA:3,execute
FNDA:4,query
FNDA:0,get nextBlock
FNDA:0,get block
FNDA:0,get account
FNDA:0,get balance
FNDA:0,getBalance
FNDA:0,send
FNDA:0,sendMany
FNDA:0,submit
FNDA:0,save
FNDA:0,trace
FNDA:9,trace
FNDA:0,debug
FNDA:15,debug
FNDA:6,MocknetBackend
FNDA:3,getCode
FNDA:4,upload
FNDA:7,getInstance
FNDA:3,instantiate
FNDA:3,execute
FNDA:5,makeEnv
FNDA:5,passCallbacks
FNDA:4,query
FNDA:0,resultOf
FNDA:3,MocknetContract
FNDA:3,load
FNDA:4,init
FNDA:5,handle
FNDA:6,query
FNDA:24,pass
FNDA:15,readUtf8
FNDA:3,makeImports
FNDA:6,getExports
FNDA:3,db_read
FNDA:2,db_write
FNDA:1,db_remove
FNDA:0,canonicalize_address
FNDA:0,humanize_address
FNDA:0,query_chain
FNDA:9,parseResult
FNDA:49,region
FNDA:21,readUtf8
FNDA:2,readBuffer
FNDA:24,pass
FNDA:26,passBuffer
FNDA:26,write
FNDA:0,writeUtf8
FNDA:0,writeToRegion
FNDA:0,writeToRegionUtf8
FNDA:21,drop
FNDA:5,b64toUtf8
FNDA:4,utf8toB64
FNDA:24,utf8toBuffer
FNDA:0,bufferToUtf8
FNDA:4,codeHashForBlob
DA:1,1
DA:2,1
DA:3,1
DA:4,1
DA:5,1
DA:6,1
DA:7,1
DA:8,1
DA:9,1
DA:10,1
DA:11,1
DA:12,1
DA:13,1
DA:14,1
DA:15,1
DA:16,1
DA:17,1
DA:18,1
DA:19,1
DA:20,1
DA:21,1
DA:22,1
DA:23,1
DA:24,6
DA:25,6
DA:26,1
DA:27,1
DA:28,1
DA:29,6
DA:30,6
DA:31,1
DA:32,4
DA:33,4
DA:34,1
DA:35,0
DA:36,0
DA:37,1
DA:38,0
DA:39,0
DA:40,1
DA:41,0
DA:42,0
DA:43,1
DA:44,0
DA:45,0
DA:46,1
DA:47,0
DA:48,0
DA:49,1
DA:50,1
DA:51,1
DA:52,1
DA:53,1
DA:54,1
DA:55,1
DA:56,1
DA:57,1
DA:58,1
DA:59,1
DA:60,1
DA:61,0
DA:62,0
DA:63,1
DA:64,6
DA:65,6
DA:66,1
DA:67,1
DA:68,1
DA:69,10
DA:70,10
DA:71,10
DA:72,1
DA:73,4
DA:74,4
DA:75,1
DA:76,3
DA:77,3
DA:78,1
DA:79,3
DA:80,3
DA:81,1
DA:82,4
DA:83,4
DA:84,1
DA:85,0
DA:86,0
DA:87,1
DA:88,0
DA:89,0
DA:90,1
DA:91,0
DA:92,0
DA:93,1
DA:94,0
DA:95,0
DA:96,1
DA:97,0
DA:98,0
DA:99,1
DA:100,0
DA:101,0
DA:102,1
DA:103,0
DA:104,0
DA:105,1
DA:106,1
DA:107,1
DA:108,1
DA:109,1
DA:110,1
DA:111,1
DA:112,1
DA:113,1
DA:114,1
DA:115,0
DA:116,0
DA:117,0
DA:118,0
DA:119,0
DA:120,0
DA:121,0
DA:122,0
DA:123,0
DA:124,0
DA:125,0
DA:126,0
DA:127,0
DA:128,0
DA:129,0
DA:130,0
DA:131,0
DA:132,1
DA:133,0
DA:134,0
DA:135,1
DA:136,1
DA:137,1
DA:138,1
DA:139,1
DA:140,1
DA:141,1
DA:142,1
DA:143,1
DA:144,1
DA:145,1
DA:146,1
DA:147,1
DA:148,1
DA:149,1
DA:150,1
DA:151,1
DA:152,1
DA:153,1
DA:154,1
DA:155,1
DA:156,1
DA:157,1
DA:158,1
DA:159,1
DA:160,1
DA:161,1
DA:162,1
DA:163,1
DA:164,1
DA:165,1
DA:166,1
DA:167,1
DA:168,1
DA:169,1
DA:170,1
DA:171,1
DA:172,1
DA:173,1
DA:174,1
DA:175,1
DA:176,1
DA:177,1
DA:178,1
DA:179,1
DA:180,1
DA:181,1
DA:182,1
DA:183,1
DA:184,1
DA:185,1
DA:186,1
DA:187,1
DA:188,0
DA:189,0
DA:190,1
DA:191,1
DA:192,1
DA:193,0
DA:194,0
DA:195,1
DA:196,1
DA:197,1
DA:198,1
DA:199,1
DA:200,1
DA:201,1
DA:202,1
DA:203,3
DA:204,3
DA:205,1
DA:206,1
DA:207,2
DA:208,2
DA:209,1
DA:210,4
DA:211,4
DA:212,4
DA:213,4
DA:214,4
DA:215,4
DA:216,1
DA:217,1
DA:218,7
DA:219,7
DA:220,0
DA:221,0
DA:222,7
DA:223,7
DA:224,1
DA:225,3
DA:226,3
DA:227,3
DA:228,3
DA:229,3
DA:230,2
DA:231,2
DA:232,2
DA:233,2
DA:234,2
DA:235,2
DA:236,2
DA:237,1
DA:238,3
DA:239,3
DA:240,3
DA:241,3
DA:242,3
DA:243,3
DA:244,1
DA:245,1
DA:246,3
DA:247,3
DA:248,3
DA:249,1
DA:250,1
DA:251,5
DA:252,5
DA:253,5
DA:254,5
DA:255,5
DA:256,5
DA:257,5
DA:258,5
DA:259,5
DA:260,5
DA:261,5
DA:262,5
DA:263,5
DA:264,5
DA:265,5
DA:266,5
DA:267,5
DA:268,1
DA:269,5
DA:270,0
DA:271,0
DA:272,0
DA:273,0
DA:274,0
DA:275,0
DA:276,0
DA:277,0
DA:278,0
DA:279,0
DA:280,0
DA:281,0
DA:282,0
DA:283,0
DA:284,0
DA:285,0
DA:286,0
DA:287,0
DA:288,0
DA:289,0
DA:290,0
DA:291,0
DA:292,0
DA:293,0
DA:294,0
DA:295,0
DA:296,0
DA:297,0
DA:298,0
DA:299,0
DA:300,0
DA:301,0
DA:302,0
DA:303,0
DA:304,0
DA:305,0
DA:306,0
DA:307,0
DA:308,0
DA:309,0
DA:310,0
DA:311,0
DA:312,0
DA:313,5
DA:314,1
DA:315,4
DA:316,4
DA:317,4
DA:318,1
DA:319,0
DA:320,0
DA:321,0
DA:322,0
DA:323,0
DA:324,0
DA:325,0
DA:326,0
DA:327,0
DA:328,0
DA:329,0
DA:330,1
DA:331,1
DA:332,1
DA:333,1
DA:334,1
DA:335,1
DA:336,1
DA:337,1
DA:338,3
DA:339,3
DA:340,3
DA:341,3
DA:342,3
DA:343,3
DA:344,1
DA:345,1
DA:346,3
DA:347,3
DA:348,3
DA:349,3
DA:350,1
DA:351,4
DA:352,4
DA:353,4
DA:354,4
DA:355,4
DA:356,4
DA:357,4
DA:358,4
DA:359,0
DA:360,0
DA:361,0
DA:362,4
DA:363,1
DA:364,5
DA:365,5
DA:366,5
DA:367,5
DA:368,5
DA:369,5
DA:370,5
DA:371,5
DA:372,0
DA:373,0
DA:374,0
DA:375,5
DA:376,1
DA:377,6
DA:378,6
DA:379,6
DA:380,6
DA:381,6
DA:382,6
DA:383,6
DA:384,0
DA:385,0
DA:386,0
DA:387,6
DA:388,1
DA:389,24
DA:390,24
DA:391,1
DA:392,15
DA:393,15
DA:394,1
DA:395,1
DA:396,1
DA:397,1
DA:398,3
DA:399,3
DA:400,3
DA:401,3
DA:402,3
DA:403,3
DA:404,3
DA:405,6
DA:406,6
DA:407,6
DA:408,3
DA:409,3
DA:410,3
DA:411,3
DA:412,3
DA:413,3
DA:414,3
DA:415,3
DA:416,3
DA:417,2
DA:418,3
DA:419,1
DA:420,1
DA:421,3
DA:422,3
DA:423,2
DA:424,2
DA:425,2
DA:426,2
DA:427,2
DA:428,3
DA:429,3
DA:430,1
DA:431,1
DA:432,1
DA:433,1
DA:434,3
DA:435,3
DA:436,0
DA:437,0
DA:438,0
DA:439,0
DA:440,0
DA:441,0
DA:442,0
DA:443,3
DA:444,3
DA:445,0
DA:446,0
DA:447,0
DA:448,0
DA:449,0
DA:450,0
DA:451,0
DA:452,3
DA:453,3
DA:454,0
DA:455,0
DA:456,0
DA:457,0
DA:458,0
DA:459,0
DA:460,0
DA:461,0
DA:462,0
DA:463,0
DA:464,0
DA:465,0
DA:466,0
DA:467,0
DA:468,0
DA:469,0
DA:470,0
DA:471,0
DA:472,0
DA:473,0
DA:474,0
DA:475,0
DA:476,0
DA:477,0
DA:478,0
DA:479,0
DA:480,0
DA:481,0
DA:482,0
DA:483,0
DA:484,0
DA:485,0
DA:486,0
DA:487,0
DA:488,0
DA:489,0
DA:490,0
DA:491,0
DA:492,3
DA:493,3
DA:494,3
DA:495,1
DA:496,1
DA:497,1
DA:498,1
DA:499,1
DA:500,9
DA:501,9
DA:502,1
DA:503,1
DA:504,1
DA:505,1
DA:506,8
DA:507,8
DA:508,8
DA:509,0
DA:510,0
DA:511,1
DA:512,1
DA:513,1
DA:514,49
DA:515,49
DA:516,49
DA:517,49
DA:518,49
DA:519,49
DA:520,1
DA:521,1
DA:522,21
DA:523,21
DA:524,21
DA:525,21
DA:526,21
DA:527,21
DA:528,21
DA:529,21
DA:530,1
DA:531,1
DA:532,2
DA:533,2
DA:534,2
DA:535,2
DA:536,2
DA:537,10
DA:538,10
DA:539,2
DA:540,2
DA:541,1
DA:542,1
DA:543,24
DA:544,24
DA:545,1
DA:546,1
DA:547,1
DA:548,26
DA:549,26
DA:550,26
DA:551,26
DA:552,26
DA:553,26
DA:554,26
DA:555,1
DA:556,1
DA:557,26
DA:558,26
DA:559,1
DA:560,1
DA:561,0
DA:562,0
DA:563,1
DA:564,1
DA:565,0
DA:566,0
DA:567,0
DA:568,0
DA:569,0
DA:570,0
DA:571,0
DA:572,0
DA:573,1
DA:574,1
DA:575,0
DA:576,0
DA:577,1
DA:578,1
DA:579,21
DA:580,15
DA:581,21
DA:582,6
DA:583,6
DA:584,21
DA:585,1
DA:586,1
DA:587,5
DA:588,5
DA:589,1
DA:590,1
DA:591,4
DA:592,4
DA:593,1
DA:594,24
DA:595,24
DA:596,1
DA:597,0
DA:598,0
DA:599,1
DA:600,1
LF:600
LH:418
BRDA:187,0,0,0
BRDA:192,1,0,0
BRDA:23,2,0,6
BRDA:28,3,0,6
BRDA:31,4,0,4
BRDA:63,5,0,6
BRDA:68,6,0,10
BRDA:72,7,0,4
BRDA:75,8,0,3
BRDA:78,9,0,3
BRDA:81,10,0,4
BRDA:190,11,0,9
BRDA:195,12,0,15
BRDA:199,13,0,6
BRDA:202,14,0,3
BRDA:204,15,0,1
BRDA:207,16,0,2
BRDA:209,17,0,4
BRDA:217,18,0,7
BRDA:219,19,0,0
BRDA:224,20,0,3
BRDA:230,21,0,2
BRDA:237,22,0,3
BRDA:243,23,0,1
BRDA:250,24,0,5
BRDA:253,25,0,3
BRDA:268,26,0,5
BRDA:269,27,0,0
BRDA:314,28,0,4
BRDA:337,29,0,3
BRDA:345,30,0,3
BRDA:350,31,0,4
BRDA:358,32,0,0
BRDA:363,33,0,5
BRDA:371,34,0,0
BRDA:376,35,0,6
BRDA:383,36,0,0
BRDA:388,37,0,24
BRDA:391,38,0,15
BRDA:397,39,0,3
BRDA:404,40,0,6
BRDA:411,41,0,3
BRDA:416,42,0,2
BRDA:418,43,0,1
BRDA:422,44,0,2
BRDA:429,45,0,1
BRDA:499,46,0,9
BRDA:501,47,0,1
BRDA:506,48,0,8
BRDA:509,49,0,0
BRDA:513,50,0,49
BRDA:521,51,0,21
BRDA:531,52,0,2
BRDA:536,53,0,10
BRDA:542,54,0,24
BRDA:547,55,0,26
BRDA:556,56,0,26
BRDA:578,57,0,21
BRDA:579,58,0,15
BRDA:581,59,0,6
BRDA:586,60,0,5
BRDA:590,61,0,4
BRDA:593,62,0,24
BRDA:600,63,0,4
BRF:64
BRH:56
end_of_record
TN:
SF:packages/tokens/tokens.ts
FN:20,getTokenKind
FN:27,getTokenId
FN:40,isTokenDescriptor
FN:49,isNativeToken
FN:56,nativeToken
FN:66,isCustomToken
FN:74,customToken
FN:84,TokenAmount
FN:89,get asNativeBalance
FN:102,TokenPair
FN:103,get reverse
FN:104,fromName
FN:126,TokenPairAmount
FN:131,get reverse
FN:135,get asNativeBalance
FN:176,Snip20
FN:180,get custom_token
FN:188,get asDescriptor
FN:193,fromDescriptor
FN:221,populate
FN:231,getTokenInfo
FN:237,getBalance
FN:247,checkAllowance
FN:252,changeAdmin
FN:257,setMinters
FN:262,addMinters
FN:269,mint
FN:281,getAllowance
FN:288,increaseAllowance
FN:302,decreaseAllowance
FN:312,transfer
FN:323,send
FN:200,Snip20.init
FN:357,createPermitMsg
FNF:34
FNH:0
FNDA:0,getTokenKind
FNDA:0,getTokenId
FNDA:0,isTokenDescriptor
FNDA:0,isNativeToken
FNDA:0,nativeToken
FNDA:0,isCustomToken
FNDA:0,customToken
FNDA:0,TokenAmount
FNDA:0,get asNativeBalance
FNDA:0,TokenPair
FNDA:0,get reverse
FNDA:0,fromName
FNDA:0,TokenPairAmount
FNDA:0,get reverse
FNDA:0,get asNativeBalance
FNDA:0,Snip20
FNDA:0,get custom_token
FNDA:0,get asDescriptor
FNDA:0,fromDescriptor
FNDA:0,populate
FNDA:0,getTokenInfo
FNDA:0,getBalance
FNDA:0,checkAllowance
FNDA:0,changeAdmin
FNDA:0,setMinters
FNDA:0,addMinters
FNDA:0,mint
FNDA:0,getAllowance
FNDA:0,increaseAllowance
FNDA:0,decreaseAllowance
FNDA:0,transfer
FNDA:0,send
FNDA:0,Snip20.init
FNDA:0,createPermitMsg
DA:1,1
DA:2,1
DA:3,1
DA:4,1
DA:5,1
DA:6,1
DA:7,1
DA:8,1
DA:9,1
DA:10,1
DA:11,1
DA:12,1
DA:13,1
DA:14,1
DA:15,1
DA:16,1
DA:17,1
DA:18,1
DA:19,1
DA:20,1
DA:21,0
DA:22,0
DA:23,1
DA:24,1
DA:25,1
DA:26,1
DA:27,1
DA:28,0
DA:29,0
DA:30,0
DA:31,0
DA:32,0
DA:33,0
DA:34,0
DA:35,0
DA:36,0
DA:37,1
DA:38,1
DA:39,1
DA:40,1
DA:41,0
DA:42,0
DA:43,1
DA:44,1
DA:45,1
DA:46,1
DA:47,1
DA:48,1
DA:49,1
DA:50,0
DA:51,0
DA:52,0
DA:53,0
DA:54,0
DA:55,0
DA:56,1
DA:57,0
DA:58,0
DA:59,1
DA:60,1
DA:61,1
DA:62,1
DA:63,1
DA:64,1
DA:65,1
DA:66,1
DA:67,0
DA:68,0
DA:69,0
DA:70,0
DA:71,0
DA:72,0
DA:73,0
DA:74,1
DA:75,0
DA:76,0
DA:77,1
DA:78,1
DA:79,1
DA:80,1
DA:81,1
DA:82,1
DA:83,1
DA:84,1
DA:85,0
DA:86,0
DA:87,0
DA:88,1
DA:89,1
DA:90,0
DA:91,0
DA:92,0
DA:93,0
DA:94,0
DA:95,0
DA:96,0
DA:97,0
DA:98,1
DA:99,1
DA:100,1
DA:101,1
DA:102,1
DA:103,1
DA:104,1
DA:105,0
DA:106,0
DA:107,0
DA:108,0
DA:109,0
DA:110,0
DA:111,0
DA:112,0
DA:113,0
DA:114,0
DA:115,0
DA:116,0
DA:117,0
DA:118,0
DA:119,0
DA:120,0
DA:121,0
DA:122,1
DA:123,1
DA:124,1
DA:125,1
DA:126,1
DA:127,0
DA:128,0
DA:129,0
DA:130,0
DA:131,1
DA:132,0
DA:133,0
DA:134,1
DA:135,1
DA:136,0
DA:137,0
DA:138,0
DA:139,0
DA:140,0
DA:141,0
DA:142,0
DA:143,0
DA:144,0
DA:145,0
DA:146,0
DA:147,0
DA:148,1
DA:149,1
DA:150,1
DA:151,1
DA:152,1
DA:153,1
DA:154,1
DA:155,1
DA:156,1
DA:157,1
DA:158,1
DA:159,1
DA:160,1
DA:161,1
DA:162,1
DA:163,1
DA:164,1
DA:165,1
DA:166,1
DA:167,1
DA:168,1
DA:169,1
DA:170,1
DA:171,1
DA:172,1
DA:173,1
DA:174,1
DA:175,1
DA:176,0
DA:177,0
DA:178,0
DA:179,0
DA:180,0
DA:181,0
DA:182,0
DA:183,0
DA:184,0
DA:185,0
DA:186,0
DA:187,0
DA:188,0
DA:189,0
DA:190,0
DA:191,0
DA:192,0
DA:193,0
DA:194,0
DA:195,0
DA:196,0
DA:197,0
DA:198,0
DA:199,0
DA:200,0
DA:201,0
DA:202,0
DA:203,0
DA:204,0
DA:205,0
DA:206,0
DA:207,0
DA:208,0
DA:209,0
DA:210,0
DA:211,0
DA:212,0
DA:213,0
DA:214,0
DA:215,0
DA:216,0
DA:217,0
DA:218,0
DA:219,0
DA:220,0
DA:221,0
DA:222,0
DA:223,0
DA:224,0
DA:225,0
DA:226,0
DA:227,0
DA:228,0
DA:229,0
DA:230,0
DA:231,0
DA:232,0
DA:233,0
DA:234,0
DA:235,0
DA:236,0
DA:237,0
DA:238,0
DA:239,0
DA:240,0
DA:241,0
DA:242,0
DA:243,0
DA:244,0
DA:245,0
DA:246,0
DA:247,0
DA:248,0
DA:249,0
DA:250,0
DA:251,0
DA:252,0
DA:253,0
DA:254,0
DA:255,0
DA:256,0
DA:257,0
DA:258,0
DA:259,0
DA:260,0
DA:261,0
DA:262,0
DA:263,0
DA:264,0
DA:265,0
DA:266,0
DA:267,0
DA:268,0
DA:269,0
DA:270,0
DA:271,0
DA:272,0
DA:273,0
DA:274,0
DA:275,0
DA:276,0
DA:277,0
DA:278,0
DA:279,0
DA:280,0
DA:281,0
DA:282,0
DA:283,0
DA:284,0
DA:285,0
DA:286,0
DA:287,0
DA:288,0
DA:289,0
DA:290,0
DA:291,0
DA:292,0
DA:293,0
DA:294,0
DA:295,0
DA:296,0
DA:297,0
DA:298,0
DA:299,0
DA:300,0
DA:301,0
DA:302,0
DA:303,0
DA:304,0
DA:305,0
DA:306,0
DA:307,0
DA:308,0
DA:309,0
DA:310,0
DA:311,0
DA:312,0
DA:313,0
DA:314,0
DA:315,0
DA:316,0
DA:317,0
DA:318,0
DA:319,0
DA:320,0
DA:321,0
DA:322,0
DA:323,0
DA:324,0
DA:325,0
DA:326,0
DA:327,0
DA:328,0
DA:329,0
DA:330,0
DA:331,0
DA:332,0
DA:333,0
DA:334,0
DA:335,0
DA:336,0
DA:337,0
DA:338,1
DA:339,1
DA:340,1
DA:341,1
DA:342,1
DA:343,1
DA:344,1
DA:345,1
DA:346,1
DA:347,1
DA:348,1
DA:349,1
DA:350,1
DA:351,1
DA:352,1
DA:353,1
DA:354,1
DA:355,1
DA:356,1
DA:357,1
DA:358,0
DA:359,0
DA:360,0
DA:361,0
DA:362,0
LF:362
LH:119
BRDA:14,0,0,1
BRF:1
BRH:1
end_of_record
